========================================================================================================================
Fold 0 Training
========================================================================================================================
========================================================================================================================
Fold 0 Training
========================================================================================================================
========================================================================================================================
Fold 0 Training
========================================================================================================================
Starting 1 epoch...
========================================================================================================================
Fold 0 Training
========================================================================================================================
Starting 1 epoch...
========================================================================================================================
Fold 0 Training
========================================================================================================================
Starting 1 epoch...
========================================================================================================================
Fold 0 Training
========================================================================================================================
Starting 1 epoch...
========================================================================================================================
Fold 0 Training
========================================================================================================================
Starting 1 epoch...
========================================================================================================================
Fold 0 Training
========================================================================================================================
Starting 1 epoch...
========================================================================================================================
Fold 0 Training
========================================================================================================================
Starting 1 epoch...
========================================================================================================================
Fold 0 Training
========================================================================================================================
Starting 1 epoch...
Epoch 1 - avg_train_loss: 25.16817  avg_val_loss: 22.40875  time: 27s
Epoch 1 - train_score:26.18351  valid_score:24.00787
>>>>>>>> Model Improved From inf ----> 24.007873748680858
Starting 2 epoch...
Epoch 2 - avg_train_loss: 16.33586  avg_val_loss: 21.21413  time: 19s
Epoch 2 - train_score:16.77915  valid_score:22.83634
>>>>>>>> Model Improved From 24.007873748680858 ----> 22.836342178286507
Starting 3 epoch...
========================================================================================================================
Fold 0 Training
========================================================================================================================
Starting 1 epoch...
Epoch 1 - avg_train_loss: 28.73211  avg_val_loss: 26.47066  time: 27s
Epoch 1 - train_score:28.88741  valid_score:27.03473
>>>>>>>> Model Improved From inf ----> 27.03472605574866
Starting 2 epoch...
Epoch 2 - avg_train_loss: 16.29112  avg_val_loss: 24.39623  time: 19s
Epoch 2 - train_score:16.68870  valid_score:26.08760
>>>>>>>> Model Improved From 27.03472605574866 ----> 26.08760161316031
========================================================================================================================
Fold 1 Training
========================================================================================================================
Starting 1 epoch...
Epoch 1 - avg_train_loss: 36.37605  avg_val_loss: 24.46677  time: 19s
Epoch 1 - train_score:36.34857  valid_score:24.73915
>>>>>>>> Model Improved From inf ----> 24.73915188649069
Starting 2 epoch...
Epoch 2 - avg_train_loss: 22.72764  avg_val_loss: 25.46459  time: 19s
Epoch 2 - train_score:22.84157  valid_score:26.66850
========================================================================================================================
Fold 2 Training
========================================================================================================================
Starting 1 epoch...
Epoch 1 - avg_train_loss: 35.22876  avg_val_loss: 53.17827  time: 19s
Epoch 1 - train_score:35.67432  valid_score:53.76437
>>>>>>>> Model Improved From inf ----> 53.76437132259942
Starting 2 epoch...
Epoch 2 - avg_train_loss: 22.68238  avg_val_loss: 31.90819  time: 19s
Epoch 2 - train_score:23.68787  valid_score:33.24658
>>>>>>>> Model Improved From 53.76437132259942 ----> 33.24658369896591
========================================================================================================================
Fold 3 Training
========================================================================================================================
Starting 1 epoch...
Epoch 1 - avg_train_loss: 35.14177  avg_val_loss: 30.85361  time: 19s
Epoch 1 - train_score:35.22788  valid_score:30.95968
>>>>>>>> Model Improved From inf ----> 30.95968230436992
Starting 2 epoch...
Epoch 2 - avg_train_loss: 22.78644  avg_val_loss: 32.52273  time: 19s
Epoch 2 - train_score:23.14320  valid_score:31.32277
========================================================================================================================
Fold 4 Training
========================================================================================================================
Starting 1 epoch...
Epoch 1 - avg_train_loss: 35.01513  avg_val_loss: 30.78006  time: 19s
Epoch 1 - train_score:35.17587  valid_score:31.74680
>>>>>>>> Model Improved From inf ----> 31.746804558083074
Starting 2 epoch...
Epoch 2 - avg_train_loss: 21.69762  avg_val_loss: 32.55130  time: 19s
Epoch 2 - train_score:22.44359  valid_score:32.62667
========================================================================================================================
Fold 0 Training
========================================================================================================================
Starting 1 epoch...
Epoch 1 - avg_train_loss: 32.89934  avg_val_loss: 34.49360  time: 18s
Epoch 1 - train_score:34.34093  valid_score:34.45289
>>>>>>>> Model Improved From inf ----> 34.45289060496604
Starting 2 epoch...
Epoch 2 - avg_train_loss: 22.50512  avg_val_loss: 19.66743  time: 9s
Epoch 2 - train_score:22.46774  valid_score:20.31809
>>>>>>>> Model Improved From 34.45289060496604 ----> 20.318088205484905
========================================================================================================================
Fold 1 Training
========================================================================================================================
Starting 1 epoch...
Epoch 1 - avg_train_loss: 37.44334  avg_val_loss: 35.17451  time: 9s
Epoch 1 - train_score:37.78415  valid_score:35.48985
>>>>>>>> Model Improved From inf ----> 35.48985449195136
Starting 2 epoch...
Epoch 2 - avg_train_loss: 26.73371  avg_val_loss: 17.98742  time: 9s
Epoch 2 - train_score:27.83037  valid_score:18.11170
>>>>>>>> Model Improved From 35.48985449195136 ----> 18.111696564180928
========================================================================================================================
Fold 2 Training
========================================================================================================================
Starting 1 epoch...
Epoch 1 - avg_train_loss: 36.58216  avg_val_loss: 73.42043  time: 9s
Epoch 1 - train_score:36.90312  valid_score:73.43366
>>>>>>>> Model Improved From inf ----> 73.43366069029956
Starting 2 epoch...
Epoch 2 - avg_train_loss: 26.22157  avg_val_loss: 53.37046  time: 9s
Epoch 2 - train_score:26.22789  valid_score:53.71390
>>>>>>>> Model Improved From 73.43366069029956 ----> 53.713901956942124
========================================================================================================================
Fold 3 Training
========================================================================================================================
Starting 1 epoch...
Epoch 1 - avg_train_loss: 36.58199  avg_val_loss: 42.87297  time: 9s
Epoch 1 - train_score:36.77158  valid_score:43.54282
>>>>>>>> Model Improved From inf ----> 43.542816168274115
Starting 2 epoch...
Epoch 2 - avg_train_loss: 27.08463  avg_val_loss: 31.46426  time: 9s
Epoch 2 - train_score:27.23243  valid_score:30.67346
>>>>>>>> Model Improved From 43.542816168274115 ----> 30.673463369978222
========================================================================================================================
Fold 4 Training
========================================================================================================================
Starting 1 epoch...
Epoch 1 - avg_train_loss: 36.27806  avg_val_loss: 42.44786  time: 9s
Epoch 1 - train_score:36.38459  valid_score:43.02352
>>>>>>>> Model Improved From inf ----> 43.02352438284112
Starting 2 epoch...
Epoch 2 - avg_train_loss: 25.43814  avg_val_loss: 29.81668  time: 9s
Epoch 2 - train_score:25.32972  valid_score:29.47537
>>>>>>>> Model Improved From 43.02352438284112 ----> 29.475368576466234
========================================================================================================================
Fold 0 Training
========================================================================================================================
Starting 1 epoch...
Epoch 1 - avg_train_loss: 32.89934  avg_val_loss: 34.49360  time: 17s
Epoch 1 - train_score:34.34093  valid_score:34.45289
>>>>>>>> Model Improved From inf ----> 34.45289060496604
Starting 2 epoch...
Epoch 2 - avg_train_loss: 22.50512  avg_val_loss: 19.66743  time: 9s
Epoch 2 - train_score:22.46774  valid_score:20.31809
>>>>>>>> Model Improved From 34.45289060496604 ----> 20.318088205484905
========================================================================================================================
Fold 0 Training
========================================================================================================================
Starting 1 epoch...
Epoch 1 - avg_train_loss: 32.89934  avg_val_loss: 34.49360  time: 17s
Epoch 1 - train_score:34.34093  valid_score:34.45289
>>>>>>>> Model Improved From inf ----> 34.45289060496604
Starting 2 epoch...
Epoch 2 - avg_train_loss: 22.50512  avg_val_loss: 19.66743  time: 10s
Epoch 2 - train_score:22.46774  valid_score:20.31809
>>>>>>>> Model Improved From 34.45289060496604 ----> 20.318088205484905
========================================================================================================================
Fold 1 Training
========================================================================================================================
Starting 1 epoch...
Epoch 1 - avg_train_loss: 37.44334  avg_val_loss: 35.17451  time: 9s
Epoch 1 - train_score:37.78415  valid_score:35.48985
>>>>>>>> Model Improved From inf ----> 35.48985449195136
Starting 2 epoch...
Epoch 2 - avg_train_loss: 26.73371  avg_val_loss: 17.98742  time: 9s
Epoch 2 - train_score:27.83037  valid_score:18.11170
>>>>>>>> Model Improved From 35.48985449195136 ----> 18.111696564180928
========================================================================================================================
Fold 2 Training
========================================================================================================================
Starting 1 epoch...
Epoch 1 - avg_train_loss: 36.58216  avg_val_loss: 73.42043  time: 9s
Epoch 1 - train_score:36.90312  valid_score:73.43366
>>>>>>>> Model Improved From inf ----> 73.43366069029956
Starting 2 epoch...
Epoch 2 - avg_train_loss: 26.22157  avg_val_loss: 53.37046  time: 9s
Epoch 2 - train_score:26.22789  valid_score:53.71390
>>>>>>>> Model Improved From 73.43366069029956 ----> 53.713901956942124
========================================================================================================================
Fold 3 Training
========================================================================================================================
Starting 1 epoch...
Epoch 1 - avg_train_loss: 36.58199  avg_val_loss: 42.87297  time: 9s
Epoch 1 - train_score:36.77158  valid_score:43.54282
>>>>>>>> Model Improved From inf ----> 43.542816168274115
Starting 2 epoch...
Epoch 2 - avg_train_loss: 27.08463  avg_val_loss: 31.46426  time: 10s
Epoch 2 - train_score:27.23243  valid_score:30.67346
>>>>>>>> Model Improved From 43.542816168274115 ----> 30.673463369978222
========================================================================================================================
Fold 4 Training
========================================================================================================================
Starting 1 epoch...
Epoch 1 - avg_train_loss: 36.27806  avg_val_loss: 42.44786  time: 9s
Epoch 1 - train_score:36.38459  valid_score:43.02352
>>>>>>>> Model Improved From inf ----> 43.02352438284112
Starting 2 epoch...
Epoch 2 - avg_train_loss: 25.43814  avg_val_loss: 29.81668  time: 9s
Epoch 2 - train_score:25.32972  valid_score:29.47537
>>>>>>>> Model Improved From 43.02352438284112 ----> 29.475368576466234
========================================================================================================================
Fold 0 Training
========================================================================================================================
Starting 1 epoch...
Epoch 1 - avg_train_loss: 32.89934  avg_val_loss: 34.49360  time: 17s
Epoch 1 - train_score:34.34093  valid_score:34.45289
>>>>>>>> Model Improved From inf ----> 34.45289060496604
Starting 2 epoch...
Epoch 2 - avg_train_loss: 22.50512  avg_val_loss: 19.66743  time: 9s
Epoch 2 - train_score:22.46774  valid_score:20.31809
>>>>>>>> Model Improved From 34.45289060496604 ----> 20.318088205484905
========================================================================================================================
Fold 1 Training
========================================================================================================================
Starting 1 epoch...
Epoch 1 - avg_train_loss: 37.44334  avg_val_loss: 35.17451  time: 9s
Epoch 1 - train_score:37.78415  valid_score:35.48985
>>>>>>>> Model Improved From inf ----> 35.48985449195136
Starting 2 epoch...
Epoch 2 - avg_train_loss: 26.73371  avg_val_loss: 17.98742  time: 9s
Epoch 2 - train_score:27.83037  valid_score:18.11170
>>>>>>>> Model Improved From 35.48985449195136 ----> 18.111696564180928
========================================================================================================================
Fold 2 Training
========================================================================================================================
Starting 1 epoch...
Epoch 1 - avg_train_loss: 36.58216  avg_val_loss: 73.42043  time: 9s
Epoch 1 - train_score:36.90312  valid_score:73.43366
>>>>>>>> Model Improved From inf ----> 73.43366069029956
Starting 2 epoch...
Epoch 2 - avg_train_loss: 26.22157  avg_val_loss: 53.37046  time: 9s
Epoch 2 - train_score:26.22789  valid_score:53.71390
>>>>>>>> Model Improved From 73.43366069029956 ----> 53.713901956942124
========================================================================================================================
Fold 3 Training
========================================================================================================================
Starting 1 epoch...
Epoch 1 - avg_train_loss: 36.58199  avg_val_loss: 42.87297  time: 9s
Epoch 1 - train_score:36.77158  valid_score:43.54282
>>>>>>>> Model Improved From inf ----> 43.542816168274115
Starting 2 epoch...
Epoch 2 - avg_train_loss: 27.08463  avg_val_loss: 31.46426  time: 9s
Epoch 2 - train_score:27.23243  valid_score:30.67346
>>>>>>>> Model Improved From 43.542816168274115 ----> 30.673463369978222
========================================================================================================================
Fold 4 Training
========================================================================================================================
Starting 1 epoch...
Epoch 1 - avg_train_loss: 36.27806  avg_val_loss: 42.44786  time: 9s
Epoch 1 - train_score:36.38459  valid_score:43.02352
>>>>>>>> Model Improved From inf ----> 43.02352438284112
Starting 2 epoch...
Epoch 2 - avg_train_loss: 25.43814  avg_val_loss: 29.81668  time: 9s
Epoch 2 - train_score:25.32972  valid_score:29.47537
>>>>>>>> Model Improved From 43.02352438284112 ----> 29.475368576466234
cv score 21.749134297276765
========================================================================================================================
Fold 0 Training
========================================================================================================================
Starting 1 epoch...
Epoch 1 - avg_train_loss: 20.87117  avg_val_loss: 20.46587  time: 1237s
Epoch 1 - train_score:21.26094  valid_score:20.63258
>>>>>>>> Model Improved From inf ----> 20.632584962125467
Starting 2 epoch...
Epoch 2 - avg_train_loss: 20.41998  avg_val_loss: 20.53120  time: 1209s
Epoch 2 - train_score:20.74589  valid_score:20.67036
Starting 3 epoch...
========================================================================================================================
Fold 0 Training
========================================================================================================================
Starting 1 epoch...
