========================================================================================================================
Fold 0 Training
========================================================================================================================
========================================================================================================================
Fold 0 Training
========================================================================================================================
========================================================================================================================
Fold 0 Training
========================================================================================================================
========================================================================================================================
Fold 0 Training
========================================================================================================================
========================================================================================================================
Fold 0 Training
========================================================================================================================
========================================================================================================================
Fold 0 Training
========================================================================================================================
========================================================================================================================
Fold 0 Training
========================================================================================================================
========================================================================================================================
Fold 0 Training
========================================================================================================================
========================================================================================================================
Fold 0 Training
========================================================================================================================
========================================================================================================================
Fold 0 Training
========================================================================================================================
========================================================================================================================
Fold 0 Training
========================================================================================================================
========================================================================================================================
Fold 0 Training
========================================================================================================================
========================================================================================================================
Fold 0 Training
========================================================================================================================
Starting 1 epoch...
========================================================================================================================
Fold 0 Training
========================================================================================================================
Starting 1 epoch...
========================================================================================================================
Fold 0 Training
========================================================================================================================
Starting 1 epoch...
========================================================================================================================
Fold 0 Training
========================================================================================================================
Starting 1 epoch...
========================================================================================================================
Fold 0 Training
========================================================================================================================
Starting 1 epoch...
========================================================================================================================
Fold 0 Training
========================================================================================================================
Starting 1 epoch...
========================================================================================================================
Fold 0 Training
========================================================================================================================
Starting 1 epoch...
========================================================================================================================
Fold 0 Training
========================================================================================================================
Starting 1 epoch...
========================================================================================================================
Fold 0 Training
========================================================================================================================
Starting 1 epoch...
Epoch 1 - avg_train_loss: 0.82577  avg_val_loss: 0.69315  time: 6572s
Epoch 1 - train_score:2.80236  valid_score:0.43199
>>>>>>>> Model Improved From inf ----> 0.4319915603565831
Starting 2 epoch...
Epoch 2 - avg_train_loss: 0.69318  avg_val_loss: 0.69315  time: 6600s
Epoch 2 - train_score:0.43245  valid_score:0.43201
Starting 3 epoch...
Epoch 3 - avg_train_loss: 0.69317  avg_val_loss: 0.69315  time: 6658s
Epoch 3 - train_score:0.43254  valid_score:0.43202
Starting 4 epoch...
Epoch 4 - avg_train_loss: 0.69316  avg_val_loss: 0.69315  time: 6681s
Epoch 4 - train_score:0.43258  valid_score:0.43202
Early Stopping
========================================================================================================================
Fold 1 Training
========================================================================================================================
Starting 1 epoch...
Epoch 1 - avg_train_loss: 0.80520  avg_val_loss: 0.69316  time: 6404s
Epoch 1 - train_score:2.52895  valid_score:0.43249
>>>>>>>> Model Improved From inf ----> 0.4324944328581232
Starting 2 epoch...
Epoch 2 - avg_train_loss: 0.69319  avg_val_loss: 0.69315  time: 6474s
Epoch 2 - train_score:0.43225  valid_score:0.43253
Starting 3 epoch...
Epoch 3 - avg_train_loss: 0.69317  avg_val_loss: 0.69315  time: 6510s
Epoch 3 - train_score:0.43236  valid_score:0.43254
Starting 4 epoch...
========================================================================================================================
Fold 0 Training
========================================================================================================================
Starting 1 epoch...
========================================================================================================================
Fold 0 Training
========================================================================================================================
Starting 1 epoch...
Epoch 1 - avg_train_loss: 0.65344  avg_val_loss: 0.64541  time: 5924s
Epoch 1 - train_score:19.27201  valid_score:18.31739
>>>>>>>> Model Improved From inf ----> 18.31739396344678
Starting 2 epoch...
Epoch 2 - avg_train_loss: 0.64110  avg_val_loss: 0.65056  time: 6030s
Epoch 2 - train_score:17.67570  valid_score:18.82746
Starting 3 epoch...
Epoch 3 - avg_train_loss: 0.62210  avg_val_loss: 0.65682  time: 6086s
Epoch 3 - train_score:14.98361  valid_score:19.55869
Starting 4 epoch...
Epoch 4 - avg_train_loss: 0.60338  avg_val_loss: 0.65382  time: 6100s
Epoch 4 - train_score:11.99065  valid_score:19.14325
Early Stopping
========================================================================================================================
Fold 1 Training
========================================================================================================================
Starting 1 epoch...
Epoch 1 - avg_train_loss: 0.65334  avg_val_loss: 0.65589  time: 5940s
Epoch 1 - train_score:19.27900  valid_score:19.42093
>>>>>>>> Model Improved From inf ----> 19.420931294852025
Starting 2 epoch...
Epoch 2 - avg_train_loss: 0.64065  avg_val_loss: 0.64736  time: 5986s
Epoch 2 - train_score:17.64860  valid_score:18.48605
>>>>>>>> Model Improved From 19.420931294852025 ----> 18.48605383189369
Starting 3 epoch...
Epoch 3 - avg_train_loss: 0.62096  avg_val_loss: 0.66020  time: 6043s
Epoch 3 - train_score:14.84522  valid_score:19.79864
Starting 4 epoch...
Epoch 4 - avg_train_loss: 0.60072  avg_val_loss: 0.65190  time: 6046s
Epoch 4 - train_score:11.54593  valid_score:18.95253
Starting 5 epoch...
Epoch 5 - avg_train_loss: 0.59036  avg_val_loss: 0.65710  time: 6012s
Epoch 5 - train_score:9.60789  valid_score:19.27859
Early Stopping
========================================================================================================================
Fold 2 Training
========================================================================================================================
Starting 1 epoch...
Epoch 1 - avg_train_loss: 0.65513  avg_val_loss: 0.64547  time: 5994s
Epoch 1 - train_score:19.46771  valid_score:18.31680
>>>>>>>> Model Improved From inf ----> 18.316801720191165
Starting 2 epoch...
Epoch 2 - avg_train_loss: 0.63928  avg_val_loss: 0.64472  time: 6058s
Epoch 2 - train_score:17.43707  valid_score:18.21681
>>>>>>>> Model Improved From 18.316801720191165 ----> 18.216809349966383
Starting 3 epoch...
Epoch 3 - avg_train_loss: 0.61850  avg_val_loss: 0.65076  time: 6093s
Epoch 3 - train_score:14.45919  valid_score:18.98862
Starting 4 epoch...
Epoch 4 - avg_train_loss: 0.60291  avg_val_loss: 0.65991  time: 6051s
Epoch 4 - train_score:11.90983  valid_score:19.54648
Starting 5 epoch...
Epoch 5 - avg_train_loss: 0.59138  avg_val_loss: 0.64965  time: 6043s
Epoch 5 - train_score:9.76239  valid_score:18.63995
Early Stopping
========================================================================================================================
Fold 3 Training
========================================================================================================================
Starting 1 epoch...
Epoch 1 - avg_train_loss: 0.65517  avg_val_loss: 0.64558  time: 5870s
Epoch 1 - train_score:19.49844  valid_score:18.23668
>>>>>>>> Model Improved From inf ----> 18.236679690732803
Starting 2 epoch...
Epoch 2 - avg_train_loss: 0.64189  avg_val_loss: 0.65228  time: 5998s
Epoch 2 - train_score:17.81160  valid_score:19.12442
Starting 3 epoch...
Epoch 3 - avg_train_loss: 0.62630  avg_val_loss: 0.65603  time: 5991s
Epoch 3 - train_score:15.62740  valid_score:19.43261
Starting 4 epoch...
Epoch 4 - avg_train_loss: 0.60693  avg_val_loss: 0.65794  time: 6013s
Epoch 4 - train_score:12.67191  valid_score:19.34124
Early Stopping
========================================================================================================================
Fold 4 Training
========================================================================================================================
Starting 1 epoch...
Epoch 1 - avg_train_loss: 0.65497  avg_val_loss: 0.64623  time: 5804s
Epoch 1 - train_score:19.46370  valid_score:18.39217
>>>>>>>> Model Improved From inf ----> 18.392173883806766
Starting 2 epoch...
Epoch 2 - avg_train_loss: 0.64109  avg_val_loss: 0.65269  time: 5910s
Epoch 2 - train_score:17.69110  valid_score:19.14667
Starting 3 epoch...
Epoch 3 - avg_train_loss: 0.62146  avg_val_loss: 0.65176  time: 5955s
Epoch 3 - train_score:14.93227  valid_score:18.92944
Starting 4 epoch...
Epoch 4 - avg_train_loss: 0.60119  avg_val_loss: 0.65427  time: 5949s
Epoch 4 - train_score:11.60204  valid_score:19.25202
Early Stopping
cv score 18.336812930410545
