========================================================================================================================
Fold 0 Training
========================================================================================================================
Starting 1 epoch...
Epoch 1, Step 32 - valid_score:19.69649
>>>>>>>> Model Improved From inf ----> 19.696485192927746
Epoch 1, Step 64 - valid_score:19.23596
>>>>>>>> Model Improved From 19.696485192927746 ----> 19.235958796759178
Epoch 1, Step 96 - valid_score:18.88684
>>>>>>>> Model Improved From 19.235958796759178 ----> 18.88683875694311
Epoch 1, Step 128 - valid_score:18.84648
>>>>>>>> Model Improved From 18.88683875694311 ----> 18.846475782148715
Epoch 1, Step 160 - valid_score:18.46678
>>>>>>>> Model Improved From 18.846475782148715 ----> 18.466777951177622
Epoch 1, Step 192 - valid_score:19.01444
Epoch 1, Step 224 - valid_score:18.83225
Epoch 1, Step 256 - valid_score:18.20658
>>>>>>>> Model Improved From 18.466777951177622 ----> 18.2065800977523
Epoch 1, Step 288 - valid_score:18.23980
Epoch 1, Step 320 - valid_score:18.16807
>>>>>>>> Model Improved From 18.2065800977523 ----> 18.16807062373439
Epoch 1, Step 352 - valid_score:18.06221
>>>>>>>> Model Improved From 18.16807062373439 ----> 18.062213340718944
Epoch 1, Step 384 - valid_score:17.81797
>>>>>>>> Model Improved From 18.062213340718944 ----> 17.81797471582196
Epoch 1, Step 416 - valid_score:17.95349
Epoch 1, Step 448 - valid_score:17.84248
Epoch 1, Step 480 - valid_score:17.88466
Epoch 1 - avg_train_loss: 0.64918  avg_val_loss: 0.64061  time: 578s
Epoch 1 - train_score:18.75684  valid_score:17.76350
>>>>>>>> Model Improved From 17.81797471582196 ----> 17.763499948376634
Starting 2 epoch...
Epoch 2, Step 32 - valid_score:17.89729
Epoch 2, Step 64 - valid_score:17.88403
Epoch 2, Step 96 - valid_score:18.86412
Epoch 2, Step 128 - valid_score:17.99320
Epoch 2, Step 160 - valid_score:17.82775
Epoch 2, Step 192 - valid_score:18.10865
Epoch 2, Step 224 - valid_score:18.17506
Epoch 2, Step 256 - valid_score:17.80769
Epoch 2, Step 288 - valid_score:17.99118
Epoch 2, Step 320 - valid_score:17.83161
Epoch 2, Step 352 - valid_score:17.88471
Epoch 2, Step 384 - valid_score:17.76605
Epoch 2, Step 416 - valid_score:17.97151
Epoch 2, Step 448 - valid_score:17.68849
>>>>>>>> Model Improved From 17.763499948376634 ----> 17.68849282982465
Epoch 2, Step 480 - valid_score:17.94921
Epoch 2 - avg_train_loss: 0.63946  avg_val_loss: 0.64284  time: 564s
Epoch 2 - train_score:17.49315  valid_score:18.05170
Starting 3 epoch...
Epoch 3, Step 32 - valid_score:18.13746
Epoch 3, Step 64 - valid_score:17.79663
Epoch 3, Step 96 - valid_score:17.93172
Epoch 3, Step 128 - valid_score:17.95967
Epoch 3, Step 160 - valid_score:18.17685
Epoch 3, Step 192 - valid_score:17.76752
Epoch 3, Step 224 - valid_score:18.18791
Epoch 3, Step 256 - valid_score:18.17219
Epoch 3, Step 288 - valid_score:17.81520
Epoch 3, Step 320 - valid_score:17.92314
Epoch 3, Step 352 - valid_score:17.91151
Epoch 3, Step 384 - valid_score:17.62705
>>>>>>>> Model Improved From 17.68849282982465 ----> 17.62704758123147
Epoch 3, Step 416 - valid_score:18.59505
Epoch 3, Step 448 - valid_score:17.99935
Epoch 3, Step 480 - valid_score:17.96760
Epoch 3 - avg_train_loss: 0.63208  avg_val_loss: 0.64491  time: 565s
Epoch 3 - train_score:16.49253  valid_score:18.30450
Starting 4 epoch...
Epoch 4, Step 32 - valid_score:17.74638
Epoch 4, Step 64 - valid_score:18.10682
Epoch 4, Step 96 - valid_score:18.00576
Epoch 4, Step 128 - valid_score:17.80949
Epoch 4, Step 160 - valid_score:17.69360
Epoch 4, Step 192 - valid_score:17.94310
Epoch 4, Step 224 - valid_score:18.06973
Epoch 4, Step 256 - valid_score:18.10353
Epoch 4, Step 288 - valid_score:17.89523
Epoch 4, Step 320 - valid_score:18.45866
Epoch 4, Step 352 - valid_score:18.43401
Epoch 4, Step 384 - valid_score:18.02612
Epoch 4, Step 416 - valid_score:18.01318
Epoch 4, Step 448 - valid_score:18.05443
Epoch 4, Step 480 - valid_score:18.20675
Epoch 4 - avg_train_loss: 0.62594  avg_val_loss: 0.64315  time: 560s
Epoch 4 - train_score:15.60523  valid_score:17.99727
Early Stopping
========================================================================================================================
Fold 1 Training
========================================================================================================================
Starting 1 epoch...
Epoch 1, Step 32 - valid_score:19.46552
>>>>>>>> Model Improved From inf ----> 19.465524169393834
Epoch 1, Step 64 - valid_score:18.94864
>>>>>>>> Model Improved From 19.465524169393834 ----> 18.94864156344349
Epoch 1, Step 96 - valid_score:18.73276
>>>>>>>> Model Improved From 18.94864156344349 ----> 18.7327590186585
Epoch 1, Step 128 - valid_score:18.56381
>>>>>>>> Model Improved From 18.7327590186585 ----> 18.563809907935322
Epoch 1, Step 160 - valid_score:18.27091
>>>>>>>> Model Improved From 18.563809907935322 ----> 18.270911739382687
Epoch 1, Step 192 - valid_score:18.10743
>>>>>>>> Model Improved From 18.270911739382687 ----> 18.10742758134321
Epoch 1, Step 224 - valid_score:18.32983
Epoch 1, Step 256 - valid_score:18.26832
Epoch 1, Step 288 - valid_score:17.79220
>>>>>>>> Model Improved From 18.10742758134321 ----> 17.792201404933316
Epoch 1, Step 320 - valid_score:17.86274
Epoch 1, Step 352 - valid_score:18.14578
Epoch 1, Step 384 - valid_score:18.44039
Epoch 1, Step 416 - valid_score:17.96950
Epoch 1, Step 448 - valid_score:18.72197
Epoch 1, Step 480 - valid_score:17.91022
Epoch 1 - avg_train_loss: 0.64986  avg_val_loss: 0.64435  time: 581s
Epoch 1 - train_score:18.90892  valid_score:18.00311
Starting 2 epoch...
Epoch 2, Step 32 - valid_score:18.21781
Epoch 2, Step 64 - valid_score:17.64374
>>>>>>>> Model Improved From 17.792201404933316 ----> 17.643742921005913
Epoch 2, Step 96 - valid_score:17.99079
Epoch 2, Step 128 - valid_score:17.76018
Epoch 2, Step 160 - valid_score:17.64926
Epoch 2, Step 192 - valid_score:17.85898
Epoch 2, Step 224 - valid_score:17.68334
Epoch 2, Step 256 - valid_score:18.23206
Epoch 2, Step 288 - valid_score:18.19484
Epoch 2, Step 320 - valid_score:17.96048
Epoch 2, Step 352 - valid_score:17.90479
Epoch 2, Step 384 - valid_score:17.87342
Epoch 2, Step 416 - valid_score:17.62792
>>>>>>>> Model Improved From 17.643742921005913 ----> 17.62792090116371
Epoch 2, Step 448 - valid_score:17.54174
>>>>>>>> Model Improved From 17.62792090116371 ----> 17.54173888920247
Epoch 2, Step 480 - valid_score:17.70388
Epoch 2 - avg_train_loss: 0.63909  avg_val_loss: 0.64518  time: 571s
Epoch 2 - train_score:17.51705  valid_score:18.10975
Starting 3 epoch...
Epoch 3, Step 32 - valid_score:17.63377
Epoch 3, Step 64 - valid_score:17.91290
Epoch 3, Step 96 - valid_score:17.80068
Epoch 3, Step 128 - valid_score:17.61048
Epoch 3, Step 160 - valid_score:17.97059
Epoch 3, Step 192 - valid_score:17.66134
Epoch 3, Step 224 - valid_score:17.89440
Epoch 3, Step 256 - valid_score:17.83880
Epoch 3, Step 288 - valid_score:17.79618
Epoch 3, Step 320 - valid_score:17.65528
Epoch 3, Step 352 - valid_score:18.06239
Epoch 3, Step 384 - valid_score:17.74940
Epoch 3, Step 416 - valid_score:18.18485
Epoch 3, Step 448 - valid_score:17.75550
Epoch 3, Step 480 - valid_score:18.02126
Epoch 3 - avg_train_loss: 0.63137  avg_val_loss: 0.64348  time: 562s
Epoch 3 - train_score:16.44802  valid_score:17.85136
Starting 4 epoch...
Epoch 4, Step 32 - valid_score:17.78728
Epoch 4, Step 64 - valid_score:17.81335
Epoch 4, Step 96 - valid_score:17.98993
Epoch 4, Step 128 - valid_score:18.02367
Epoch 4, Step 160 - valid_score:18.20105
Epoch 4, Step 192 - valid_score:18.07156
Epoch 4, Step 224 - valid_score:18.25534
Epoch 4, Step 256 - valid_score:18.19052
Epoch 4, Step 288 - valid_score:17.79834
Epoch 4, Step 320 - valid_score:18.12556
Epoch 4, Step 352 - valid_score:18.28731
Epoch 4, Step 384 - valid_score:18.27800
Epoch 4, Step 416 - valid_score:17.96667
Epoch 4, Step 448 - valid_score:18.00985
Epoch 4, Step 480 - valid_score:18.04241
Epoch 4 - avg_train_loss: 0.62494  avg_val_loss: 0.64563  time: 562s
Epoch 4 - train_score:15.54689  valid_score:18.08661
Early Stopping
========================================================================================================================
Fold 2 Training
========================================================================================================================
Starting 1 epoch...
Epoch 1, Step 32 - valid_score:19.70304
>>>>>>>> Model Improved From inf ----> 19.70303629720723
Epoch 1, Step 64 - valid_score:19.27963
>>>>>>>> Model Improved From 19.70303629720723 ----> 19.279634832737056
Epoch 1, Step 96 - valid_score:19.02569
>>>>>>>> Model Improved From 19.279634832737056 ----> 19.025693611875106
Epoch 1, Step 128 - valid_score:18.70876
>>>>>>>> Model Improved From 19.025693611875106 ----> 18.708763411961552
Epoch 1, Step 160 - valid_score:18.50399
>>>>>>>> Model Improved From 18.708763411961552 ----> 18.503986604916882
Epoch 1, Step 192 - valid_score:18.42201
>>>>>>>> Model Improved From 18.503986604916882 ----> 18.422008859643395
Epoch 1, Step 224 - valid_score:18.49823
Epoch 1, Step 256 - valid_score:18.20446
>>>>>>>> Model Improved From 18.422008859643395 ----> 18.204459649192422
Epoch 1, Step 288 - valid_score:18.14860
>>>>>>>> Model Improved From 18.204459649192422 ----> 18.148596312991735
Epoch 1, Step 320 - valid_score:18.18155
Epoch 1, Step 352 - valid_score:18.30912
Epoch 1, Step 384 - valid_score:18.29333
Epoch 1, Step 416 - valid_score:18.27265
Epoch 1, Step 448 - valid_score:18.03969
>>>>>>>> Model Improved From 18.148596312991735 ----> 18.039692729011872
Epoch 1, Step 480 - valid_score:18.03513
>>>>>>>> Model Improved From 18.039692729011872 ----> 18.03513493233266
Epoch 1 - avg_train_loss: 0.64933  avg_val_loss: 0.64220  time: 594s
Epoch 1 - train_score:18.80972  valid_score:17.87416
>>>>>>>> Model Improved From 18.03513493233266 ----> 17.874155530695916
Starting 2 epoch...
Epoch 2, Step 32 - valid_score:17.85990
>>>>>>>> Model Improved From 17.874155530695916 ----> 17.859896135596475
Epoch 2, Step 64 - valid_score:18.08524
Epoch 2, Step 96 - valid_score:17.98892
Epoch 2, Step 128 - valid_score:18.01036
Epoch 2, Step 160 - valid_score:18.15833
Epoch 2, Step 192 - valid_score:18.25769
Epoch 2, Step 224 - valid_score:17.93576
Epoch 2, Step 256 - valid_score:17.93592
Epoch 2, Step 288 - valid_score:17.78608
>>>>>>>> Model Improved From 17.859896135596475 ----> 17.786075937332573
Epoch 2, Step 320 - valid_score:18.06998
Epoch 2, Step 352 - valid_score:17.95308
Epoch 2, Step 384 - valid_score:17.96041
Epoch 2, Step 416 - valid_score:17.80078
Epoch 2, Step 448 - valid_score:17.70903
>>>>>>>> Model Improved From 17.786075937332573 ----> 17.709033768538184
Epoch 2, Step 480 - valid_score:17.79528
Epoch 2 - avg_train_loss: 0.63878  avg_val_loss: 0.64281  time: 569s
Epoch 2 - train_score:17.42981  valid_score:17.94547
Starting 3 epoch...
Epoch 3, Step 32 - valid_score:17.87674
Epoch 3, Step 64 - valid_score:18.26102
Epoch 3, Step 96 - valid_score:17.75211
Epoch 3, Step 128 - valid_score:18.05409
Epoch 3, Step 160 - valid_score:17.95082
Epoch 3, Step 192 - valid_score:17.75908
Epoch 3, Step 224 - valid_score:18.11766
Epoch 3, Step 256 - valid_score:18.18821
Epoch 3, Step 288 - valid_score:17.94926
Epoch 3, Step 320 - valid_score:17.89050
Epoch 3, Step 352 - valid_score:18.21603
Epoch 3, Step 384 - valid_score:18.45238
Epoch 3, Step 416 - valid_score:18.09413
Epoch 3, Step 448 - valid_score:17.78130
Epoch 3, Step 480 - valid_score:18.18739
Epoch 3 - avg_train_loss: 0.63182  avg_val_loss: 0.64378  time: 563s
Epoch 3 - train_score:16.47725  valid_score:18.02051
Starting 4 epoch...
Epoch 4, Step 32 - valid_score:18.11963
Epoch 4, Step 64 - valid_score:17.71377
Epoch 4, Step 96 - valid_score:17.92412
Epoch 4, Step 128 - valid_score:17.92029
Epoch 4, Step 160 - valid_score:17.99113
Epoch 4, Step 192 - valid_score:18.22583
Epoch 4, Step 224 - valid_score:18.06420
Epoch 4, Step 256 - valid_score:18.00134
Epoch 4, Step 288 - valid_score:18.37879
Epoch 4, Step 320 - valid_score:18.36146
Epoch 4, Step 352 - valid_score:18.14343
Epoch 4, Step 384 - valid_score:18.56055
Epoch 4, Step 416 - valid_score:18.30553
Epoch 4, Step 448 - valid_score:18.32887
Epoch 4, Step 480 - valid_score:18.31228
Epoch 4 - avg_train_loss: 0.62517  avg_val_loss: 0.64522  time: 562s
Epoch 4 - train_score:15.52089  valid_score:18.22170
Early Stopping
========================================================================================================================
Fold 3 Training
========================================================================================================================
Starting 1 epoch...
Epoch 1, Step 32 - valid_score:19.54611
>>>>>>>> Model Improved From inf ----> 19.546111669119572
Epoch 1, Step 64 - valid_score:19.24678
>>>>>>>> Model Improved From 19.546111669119572 ----> 19.24678425998137
Epoch 1, Step 96 - valid_score:18.89815
>>>>>>>> Model Improved From 19.24678425998137 ----> 18.89815198050587
Epoch 1, Step 128 - valid_score:18.75611
>>>>>>>> Model Improved From 18.89815198050587 ----> 18.756105880818286
Epoch 1, Step 160 - valid_score:18.66926
>>>>>>>> Model Improved From 18.756105880818286 ----> 18.669261151673044
Epoch 1, Step 192 - valid_score:18.57070
>>>>>>>> Model Improved From 18.669261151673044 ----> 18.57070054992416
Epoch 1, Step 224 - valid_score:18.52843
>>>>>>>> Model Improved From 18.57070054992416 ----> 18.528432666775167
Epoch 1, Step 256 - valid_score:18.42056
>>>>>>>> Model Improved From 18.528432666775167 ----> 18.420563846737863
Epoch 1, Step 288 - valid_score:19.13976
Epoch 1, Step 320 - valid_score:18.65808
Epoch 1, Step 352 - valid_score:18.13639
>>>>>>>> Model Improved From 18.420563846737863 ----> 18.136392206237055
Epoch 1, Step 384 - valid_score:18.27037
Epoch 1, Step 416 - valid_score:18.13776
Epoch 1, Step 448 - valid_score:18.55534
Epoch 1, Step 480 - valid_score:18.29373
Epoch 1 - avg_train_loss: 0.64895  avg_val_loss: 0.64684  time: 588s
Epoch 1 - train_score:18.75469  valid_score:18.50219
Starting 2 epoch...
Epoch 2, Step 32 - valid_score:18.27083
Epoch 2, Step 64 - valid_score:18.26645
Epoch 2, Step 96 - valid_score:18.26644
Epoch 2, Step 128 - valid_score:18.48180
Epoch 2, Step 160 - valid_score:18.35205
Epoch 2, Step 192 - valid_score:18.31479
Epoch 2, Step 224 - valid_score:18.25766
Epoch 2, Step 256 - valid_score:18.47989
Epoch 2, Step 288 - valid_score:18.37370
Epoch 2, Step 320 - valid_score:18.12436
>>>>>>>> Model Improved From 18.136392206237055 ----> 18.124357617279376
Epoch 2, Step 352 - valid_score:18.15196
Epoch 2, Step 384 - valid_score:18.25181
Epoch 2, Step 416 - valid_score:18.22712
Epoch 2, Step 448 - valid_score:18.08208
>>>>>>>> Model Improved From 18.124357617279376 ----> 18.082080778581503
Epoch 2, Step 480 - valid_score:18.30523
Epoch 2 - avg_train_loss: 0.63851  avg_val_loss: 0.64325  time: 569s
Epoch 2 - train_score:17.38501  valid_score:18.02801
>>>>>>>> Model Improved From 18.082080778581503 ----> 18.028007312274024
Starting 3 epoch...
Epoch 3, Step 32 - valid_score:18.04873
Epoch 3, Step 64 - valid_score:18.25823
Epoch 3, Step 96 - valid_score:18.62818
Epoch 3, Step 128 - valid_score:18.40644
Epoch 3, Step 160 - valid_score:18.09435
Epoch 3, Step 192 - valid_score:18.32662
Epoch 3, Step 224 - valid_score:18.36520
Epoch 3, Step 256 - valid_score:18.13699
Epoch 3, Step 288 - valid_score:18.27463
Epoch 3, Step 320 - valid_score:18.51571
Epoch 3, Step 352 - valid_score:18.29343
Epoch 3, Step 384 - valid_score:18.42210
Epoch 3, Step 416 - valid_score:18.32368
Epoch 3, Step 448 - valid_score:18.05733
Epoch 3, Step 480 - valid_score:18.34598
Epoch 3 - avg_train_loss: 0.63250  avg_val_loss: 0.64558  time: 562s
Epoch 3 - train_score:16.56635  valid_score:18.26749
Starting 4 epoch...
Epoch 4, Step 32 - valid_score:18.22144
Epoch 4, Step 64 - valid_score:18.51688
Epoch 4, Step 96 - valid_score:18.59240
Epoch 4, Step 128 - valid_score:18.47151
Epoch 4, Step 160 - valid_score:18.56918
Epoch 4, Step 192 - valid_score:18.79286
Epoch 4, Step 224 - valid_score:18.65036
Epoch 4, Step 256 - valid_score:18.12102
Epoch 4, Step 288 - valid_score:18.48239
Epoch 4, Step 320 - valid_score:19.06472
Epoch 4, Step 352 - valid_score:19.04296
Epoch 4, Step 384 - valid_score:18.54222
Epoch 4, Step 416 - valid_score:18.43902
Epoch 4, Step 448 - valid_score:18.39480
Epoch 4, Step 480 - valid_score:18.72217
Epoch 4 - avg_train_loss: 0.62496  avg_val_loss: 0.64757  time: 562s
Epoch 4 - train_score:15.48670  valid_score:18.48698
Starting 5 epoch...
Epoch 5, Step 32 - valid_score:19.03796
Epoch 5, Step 64 - valid_score:18.57794
Epoch 5, Step 96 - valid_score:18.57670
Epoch 5, Step 128 - valid_score:19.11410
Epoch 5, Step 160 - valid_score:18.89336
Epoch 5, Step 192 - valid_score:18.57996
Epoch 5, Step 224 - valid_score:19.00684
Epoch 5, Step 256 - valid_score:19.06732
Epoch 5, Step 288 - valid_score:19.53685
Epoch 5, Step 320 - valid_score:19.00369
Epoch 5, Step 352 - valid_score:18.49573
Epoch 5, Step 384 - valid_score:18.67596
Epoch 5, Step 416 - valid_score:18.68208
Epoch 5, Step 448 - valid_score:18.95469
Epoch 5, Step 480 - valid_score:18.96223
Epoch 5 - avg_train_loss: 0.61689  avg_val_loss: 0.64881  time: 564s
Epoch 5 - train_score:14.27320  valid_score:18.59857
Early Stopping
========================================================================================================================
Fold 4 Training
========================================================================================================================
Starting 1 epoch...
Epoch 1, Step 32 - valid_score:20.27455
>>>>>>>> Model Improved From inf ----> 20.274545673930305
Epoch 1, Step 64 - valid_score:19.49740
>>>>>>>> Model Improved From 20.274545673930305 ----> 19.49740291648574
Epoch 1, Step 96 - valid_score:19.14285
>>>>>>>> Model Improved From 19.49740291648574 ----> 19.142852251879837
Epoch 1, Step 128 - valid_score:18.87044
>>>>>>>> Model Improved From 19.142852251879837 ----> 18.870438447908864
Epoch 1, Step 160 - valid_score:18.89712
Epoch 1, Step 192 - valid_score:18.91563
Epoch 1, Step 224 - valid_score:18.70974
>>>>>>>> Model Improved From 18.870438447908864 ----> 18.70974101621536
Epoch 1, Step 256 - valid_score:18.87586
Epoch 1, Step 288 - valid_score:18.41972
>>>>>>>> Model Improved From 18.70974101621536 ----> 18.419719669433626
Epoch 1, Step 320 - valid_score:18.49307
Epoch 1, Step 352 - valid_score:18.41207
>>>>>>>> Model Improved From 18.419719669433626 ----> 18.41206730856198
Epoch 1, Step 384 - valid_score:18.20649
>>>>>>>> Model Improved From 18.41206730856198 ----> 18.206486889513354
Epoch 1, Step 416 - valid_score:18.22999
Epoch 1, Step 448 - valid_score:18.54263
Epoch 1, Step 480 - valid_score:18.28808
Epoch 1 - avg_train_loss: 0.64969  avg_val_loss: 0.64604  time: 580s
Epoch 1 - train_score:18.83076  valid_score:18.42674
Starting 2 epoch...
Epoch 2, Step 32 - valid_score:18.16436
>>>>>>>> Model Improved From 18.206486889513354 ----> 18.164361896014384
Epoch 2, Step 64 - valid_score:18.22515
Epoch 2, Step 96 - valid_score:18.31566
Epoch 2, Step 128 - valid_score:18.31011
Epoch 2, Step 160 - valid_score:18.55972
Epoch 2, Step 192 - valid_score:18.56089
Epoch 2, Step 224 - valid_score:18.22647
Epoch 2, Step 256 - valid_score:18.51774
Epoch 2, Step 288 - valid_score:18.27570
Epoch 2, Step 320 - valid_score:18.31325
Epoch 2, Step 352 - valid_score:18.10820
>>>>>>>> Model Improved From 18.164361896014384 ----> 18.108200134849245
Epoch 2, Step 384 - valid_score:18.19711
Epoch 2, Step 416 - valid_score:18.21758
Epoch 2, Step 448 - valid_score:18.66066
Epoch 2, Step 480 - valid_score:18.09751
>>>>>>>> Model Improved From 18.108200134849245 ----> 18.09751072096603
Epoch 2 - avg_train_loss: 0.63892  avg_val_loss: 0.64691  time: 571s
Epoch 2 - train_score:17.42543  valid_score:18.50026
Starting 3 epoch...
Epoch 3, Step 32 - valid_score:18.21320
Epoch 3, Step 64 - valid_score:18.26216
Epoch 3, Step 96 - valid_score:18.46873
Epoch 3, Step 128 - valid_score:18.31019
Epoch 3, Step 160 - valid_score:18.35703
Epoch 3, Step 192 - valid_score:18.28938
Epoch 3, Step 224 - valid_score:18.19792
Epoch 3, Step 256 - valid_score:18.75740
Epoch 3, Step 288 - valid_score:18.01550
>>>>>>>> Model Improved From 18.09751072096603 ----> 18.01550138085813
Epoch 3, Step 320 - valid_score:18.38897
Epoch 3, Step 352 - valid_score:18.49975
Epoch 3, Step 384 - valid_score:18.70824
Epoch 3, Step 416 - valid_score:18.39164
Epoch 3, Step 448 - valid_score:18.31279
Epoch 3, Step 480 - valid_score:18.15012
Epoch 3 - avg_train_loss: 0.63174  avg_val_loss: 0.64470  time: 567s
Epoch 3 - train_score:16.43556  valid_score:18.27058
Starting 4 epoch...
Epoch 4, Step 32 - valid_score:18.45373
Epoch 4, Step 64 - valid_score:18.90136
Epoch 4, Step 96 - valid_score:18.10271
Epoch 4, Step 128 - valid_score:18.58630
Epoch 4, Step 160 - valid_score:18.18948
Epoch 4, Step 192 - valid_score:18.36302
Epoch 4, Step 224 - valid_score:18.37789
Epoch 4, Step 256 - valid_score:18.95004
Epoch 4, Step 288 - valid_score:18.56803
Epoch 4, Step 320 - valid_score:18.64203
Epoch 4, Step 352 - valid_score:18.48531
Epoch 4, Step 384 - valid_score:18.48937
Epoch 4, Step 416 - valid_score:18.50128
Epoch 4, Step 448 - valid_score:18.39058
Epoch 4, Step 480 - valid_score:18.77478
Epoch 4 - avg_train_loss: 0.62399  avg_val_loss: 0.64775  time: 565s
Epoch 4 - train_score:15.32327  valid_score:18.66995
Early Stopping
cv score 17.796887128766773
