========================================================================================================================
Fold 0 Training
========================================================================================================================
Starting 1 epoch...
Epoch 1, Step 32 - valid_score:19.12532
>>>>>>>> Model Improved From inf ----> 19.125322121598707
Epoch 1, Step 64 - valid_score:19.11957
>>>>>>>> Model Improved From 19.125322121598707 ----> 19.11956667872109
Epoch 1, Step 96 - valid_score:18.85641
>>>>>>>> Model Improved From 19.11956667872109 ----> 18.85641047734326
Epoch 1, Step 128 - valid_score:19.56042
Epoch 1, Step 160 - valid_score:18.78675
>>>>>>>> Model Improved From 18.85641047734326 ----> 18.786750511034562
Epoch 1, Step 192 - valid_score:18.51311
>>>>>>>> Model Improved From 18.786750511034562 ----> 18.51310501247863
Epoch 1, Step 224 - valid_score:18.62722
Epoch 1, Step 256 - valid_score:18.51402
Epoch 1, Step 288 - valid_score:19.23064
Epoch 1, Step 320 - valid_score:18.65429
Epoch 1, Step 352 - valid_score:18.30530
>>>>>>>> Model Improved From 18.51310501247863 ----> 18.305300143715197
Epoch 1, Step 384 - valid_score:18.41473
Epoch 1, Step 416 - valid_score:18.07893
>>>>>>>> Model Improved From 18.305300143715197 ----> 18.07892593382106
Epoch 1, Step 448 - valid_score:19.04386
Epoch 1, Step 480 - valid_score:18.53621
Epoch 1, Step 512 - valid_score:18.01649
>>>>>>>> Model Improved From 18.07892593382106 ----> 18.016487421098294
Epoch 1, Step 544 - valid_score:18.61926
Epoch 1, Step 576 - valid_score:17.96605
>>>>>>>> Model Improved From 18.016487421098294 ----> 17.96605248769336
Epoch 1, Step 608 - valid_score:18.20393
Epoch 1, Step 640 - valid_score:17.95443
>>>>>>>> Model Improved From 17.96605248769336 ----> 17.954426999797306
Epoch 1 - avg_train_loss: 0.65058  avg_val_loss: 0.64288  time: 1309s
Epoch 1 - train_score:18.91197  valid_score:18.03375
Starting 2 epoch...
Epoch 2, Step 32 - valid_score:18.60534
Epoch 2, Step 64 - valid_score:17.73134
>>>>>>>> Model Improved From 17.954426999797306 ----> 17.7313380398649
Epoch 2, Step 96 - valid_score:18.26004
Epoch 2, Step 128 - valid_score:17.75302
Epoch 2, Step 160 - valid_score:17.73492
Epoch 2, Step 192 - valid_score:17.86718
Epoch 2, Step 224 - valid_score:18.27011
Epoch 2, Step 256 - valid_score:18.15830
Epoch 2, Step 288 - valid_score:18.58457
Epoch 2, Step 320 - valid_score:18.80654
Epoch 2, Step 352 - valid_score:18.12752
Epoch 2, Step 384 - valid_score:18.17728
Epoch 2, Step 416 - valid_score:18.15547
Epoch 2, Step 448 - valid_score:18.31995
Epoch 2, Step 480 - valid_score:18.20894
Epoch 2, Step 512 - valid_score:18.01083
Epoch 2, Step 544 - valid_score:19.02026
Epoch 2, Step 576 - valid_score:18.35031
Epoch 2, Step 608 - valid_score:18.72631
Epoch 2, Step 640 - valid_score:17.91919
Epoch 2 - avg_train_loss: 0.63691  avg_val_loss: 0.64041  time: 1317s
Epoch 2 - train_score:17.14315  valid_score:17.75087
Starting 3 epoch...
Epoch 3, Step 32 - valid_score:17.84823
Epoch 3, Step 64 - valid_score:18.87606
Epoch 3, Step 96 - valid_score:18.15608
Epoch 3, Step 128 - valid_score:18.30896
Epoch 3, Step 160 - valid_score:17.98154
Epoch 3, Step 192 - valid_score:18.32002
Epoch 3, Step 224 - valid_score:18.00998
Epoch 3, Step 256 - valid_score:18.26044
Epoch 3, Step 288 - valid_score:18.29211
Epoch 3, Step 320 - valid_score:17.94114
Epoch 3, Step 352 - valid_score:18.08982
Epoch 3, Step 384 - valid_score:18.84983
Epoch 3, Step 416 - valid_score:18.39369
Epoch 3, Step 448 - valid_score:18.19842
Epoch 3, Step 480 - valid_score:18.22474
Epoch 3, Step 512 - valid_score:18.73683
Epoch 3, Step 544 - valid_score:18.69536
Epoch 3, Step 576 - valid_score:18.46521
Epoch 3, Step 608 - valid_score:18.15883
Epoch 3, Step 640 - valid_score:18.22349
Epoch 3 - avg_train_loss: 0.62297  avg_val_loss: 0.65153  time: 1317s
Epoch 3 - train_score:15.18708  valid_score:19.01466
Starting 4 epoch...
Epoch 4, Step 32 - valid_score:18.70195
Epoch 4, Step 64 - valid_score:19.00955
Epoch 4, Step 96 - valid_score:18.77122
Epoch 4, Step 128 - valid_score:18.69454
Epoch 4, Step 160 - valid_score:18.71589
Epoch 4, Step 192 - valid_score:18.46777
Epoch 4, Step 224 - valid_score:18.75270
Epoch 4, Step 256 - valid_score:19.15982
Epoch 4, Step 288 - valid_score:18.26849
Epoch 4, Step 320 - valid_score:18.44855
Epoch 4, Step 352 - valid_score:19.24427
Epoch 4, Step 384 - valid_score:18.97208
Epoch 4, Step 416 - valid_score:18.39169
Epoch 4, Step 448 - valid_score:18.84365
Epoch 4, Step 480 - valid_score:18.54781
Epoch 4, Step 512 - valid_score:19.06253
Epoch 4, Step 544 - valid_score:19.08057
Epoch 4, Step 576 - valid_score:19.07002
Epoch 4, Step 608 - valid_score:18.84940
Epoch 4, Step 640 - valid_score:18.60128
Epoch 4 - avg_train_loss: 0.60789  avg_val_loss: 0.64885  time: 1316s
Epoch 4 - train_score:12.80136  valid_score:18.74489
Early Stopping
========================================================================================================================
Fold 1 Training
========================================================================================================================
Starting 1 epoch...
Epoch 1, Step 32 - valid_score:19.15097
>>>>>>>> Model Improved From inf ----> 19.15096894144678
Epoch 1, Step 64 - valid_score:18.87975
>>>>>>>> Model Improved From 19.15096894144678 ----> 18.87975361566915
Epoch 1, Step 96 - valid_score:18.64956
>>>>>>>> Model Improved From 18.87975361566915 ----> 18.64956021386552
Epoch 1, Step 128 - valid_score:20.76051
Epoch 1, Step 160 - valid_score:18.41668
>>>>>>>> Model Improved From 18.64956021386552 ----> 18.4166808772846
Epoch 1, Step 192 - valid_score:18.15117
>>>>>>>> Model Improved From 18.4166808772846 ----> 18.15117488776295
Epoch 1, Step 224 - valid_score:19.70080
Epoch 1, Step 256 - valid_score:18.03051
>>>>>>>> Model Improved From 18.15117488776295 ----> 18.03050514918556
Epoch 1, Step 288 - valid_score:18.42298
Epoch 1, Step 320 - valid_score:18.44406
Epoch 1, Step 352 - valid_score:17.84726
>>>>>>>> Model Improved From 18.03050514918556 ----> 17.847258655574223
Epoch 1, Step 384 - valid_score:18.05495
Epoch 1, Step 416 - valid_score:17.84290
>>>>>>>> Model Improved From 17.847258655574223 ----> 17.842900366070797
Epoch 1, Step 448 - valid_score:18.56203
Epoch 1, Step 480 - valid_score:18.20377
Epoch 1, Step 512 - valid_score:18.29091
Epoch 1, Step 544 - valid_score:18.37470
Epoch 1, Step 576 - valid_score:18.31979
Epoch 1, Step 608 - valid_score:19.53304
Epoch 1, Step 640 - valid_score:18.21604
Epoch 1 - avg_train_loss: 0.64975  avg_val_loss: 0.64493  time: 1325s
Epoch 1 - train_score:18.86915  valid_score:18.09661
Starting 2 epoch...
Epoch 2, Step 32 - valid_score:17.75356
>>>>>>>> Model Improved From 17.842900366070797 ----> 17.753559514912865
Epoch 2, Step 64 - valid_score:18.28308
Epoch 2, Step 96 - valid_score:18.57750
Epoch 2, Step 128 - valid_score:19.05017
Epoch 2, Step 160 - valid_score:17.96709
Epoch 2, Step 192 - valid_score:17.81329
Epoch 2, Step 224 - valid_score:17.85363
Epoch 2, Step 256 - valid_score:17.96083
Epoch 2, Step 288 - valid_score:17.98402
Epoch 2, Step 320 - valid_score:18.39870
Epoch 2, Step 352 - valid_score:18.07051
Epoch 2, Step 384 - valid_score:18.02171
Epoch 2, Step 416 - valid_score:18.10589
Epoch 2, Step 448 - valid_score:18.69472
Epoch 2, Step 480 - valid_score:17.68376
>>>>>>>> Model Improved From 17.753559514912865 ----> 17.683758224153053
Epoch 2, Step 512 - valid_score:18.58619
Epoch 2, Step 544 - valid_score:17.94125
Epoch 2, Step 576 - valid_score:17.67949
>>>>>>>> Model Improved From 17.683758224153053 ----> 17.679491497533554
Epoch 2, Step 608 - valid_score:17.88746
Epoch 2, Step 640 - valid_score:18.26354
Epoch 2 - avg_train_loss: 0.63671  avg_val_loss: 0.64588  time: 1321s
Epoch 2 - train_score:17.20383  valid_score:18.15215
Starting 3 epoch...
Epoch 3, Step 32 - valid_score:18.98960
Epoch 3, Step 64 - valid_score:18.14407
Epoch 3, Step 96 - valid_score:18.11561
Epoch 3, Step 128 - valid_score:18.18897
Epoch 3, Step 160 - valid_score:18.43636
Epoch 3, Step 192 - valid_score:18.67892
Epoch 3, Step 224 - valid_score:18.54343
Epoch 3, Step 256 - valid_score:18.84419
Epoch 3, Step 288 - valid_score:18.28316
Epoch 3, Step 320 - valid_score:18.40928
Epoch 3, Step 352 - valid_score:18.22982
Epoch 3, Step 384 - valid_score:18.15803
Epoch 3, Step 416 - valid_score:19.73370
Epoch 3, Step 448 - valid_score:18.16628
Epoch 3, Step 480 - valid_score:18.22362
Epoch 3, Step 512 - valid_score:18.34951
Epoch 3, Step 544 - valid_score:18.31496
Epoch 3, Step 576 - valid_score:18.53571
Epoch 3, Step 608 - valid_score:18.70905
Epoch 3, Step 640 - valid_score:18.39783
Epoch 3 - avg_train_loss: 0.62382  avg_val_loss: 0.65297  time: 1317s
Epoch 3 - train_score:15.39561  valid_score:19.00620
Starting 4 epoch...
Epoch 4, Step 32 - valid_score:18.98596
Epoch 4, Step 64 - valid_score:18.32707
Epoch 4, Step 96 - valid_score:19.00602
Epoch 4, Step 128 - valid_score:18.95380
Epoch 4, Step 160 - valid_score:18.91494
Epoch 4, Step 192 - valid_score:19.22519
Epoch 4, Step 224 - valid_score:18.94718
Epoch 4, Step 256 - valid_score:19.55877
Epoch 4, Step 288 - valid_score:19.83122
Epoch 4, Step 320 - valid_score:19.04586
Epoch 4, Step 352 - valid_score:19.47983
Epoch 4, Step 384 - valid_score:19.31798
Epoch 4, Step 416 - valid_score:19.41145
Epoch 4, Step 448 - valid_score:18.98107
Epoch 4, Step 480 - valid_score:19.73870
Epoch 4, Step 512 - valid_score:19.95406
Epoch 4, Step 544 - valid_score:19.11728
Epoch 4, Step 576 - valid_score:19.41892
Epoch 4, Step 608 - valid_score:19.86048
Epoch 4, Step 640 - valid_score:18.93579
Epoch 4 - avg_train_loss: 0.60758  avg_val_loss: 0.65238  time: 1319s
Epoch 4 - train_score:12.84928  valid_score:18.82009
Early Stopping
========================================================================================================================
Fold 2 Training
========================================================================================================================
Starting 1 epoch...
Epoch 1, Step 32 - valid_score:20.02237
>>>>>>>> Model Improved From inf ----> 20.022374146157777
Epoch 1, Step 64 - valid_score:20.42035
Epoch 1, Step 96 - valid_score:18.72796
>>>>>>>> Model Improved From 20.022374146157777 ----> 18.72796341026394
Epoch 1, Step 128 - valid_score:18.51576
>>>>>>>> Model Improved From 18.72796341026394 ----> 18.51575567772184
Epoch 1, Step 160 - valid_score:18.70193
Epoch 1, Step 192 - valid_score:18.30782
>>>>>>>> Model Improved From 18.51575567772184 ----> 18.30781953775413
Epoch 1, Step 224 - valid_score:18.79395
Epoch 1, Step 256 - valid_score:18.62390
Epoch 1, Step 288 - valid_score:19.01731
Epoch 1, Step 320 - valid_score:18.04852
>>>>>>>> Model Improved From 18.30781953775413 ----> 18.04851631177988
Epoch 1, Step 352 - valid_score:19.20491
Epoch 1, Step 384 - valid_score:18.18568
Epoch 1, Step 416 - valid_score:18.23663
Epoch 1, Step 448 - valid_score:18.58674
Epoch 1, Step 480 - valid_score:18.81539
Epoch 1, Step 512 - valid_score:17.88693
>>>>>>>> Model Improved From 18.04851631177988 ----> 17.886926957818165
Epoch 1, Step 544 - valid_score:18.89976
Epoch 1, Step 576 - valid_score:18.29804
Epoch 1, Step 608 - valid_score:18.58025
Epoch 1, Step 640 - valid_score:18.58804
Epoch 1 - avg_train_loss: 0.65063  avg_val_loss: 0.64216  time: 1325s
Epoch 1 - train_score:18.93499  valid_score:17.86590
>>>>>>>> Model Improved From 17.886926957818165 ----> 17.865897330396596
Starting 2 epoch...
Epoch 2, Step 32 - valid_score:17.84500
>>>>>>>> Model Improved From 17.865897330396596 ----> 17.84500392998621
Epoch 2, Step 64 - valid_score:17.93231
Epoch 2, Step 96 - valid_score:18.03691
Epoch 2, Step 128 - valid_score:17.92549
Epoch 2, Step 160 - valid_score:18.47416
Epoch 2, Step 192 - valid_score:19.62624
Epoch 2, Step 224 - valid_score:18.15237
Epoch 2, Step 256 - valid_score:17.81927
>>>>>>>> Model Improved From 17.84500392998621 ----> 17.819274979648867
Epoch 2, Step 288 - valid_score:17.74873
>>>>>>>> Model Improved From 17.819274979648867 ----> 17.74872997194357
Epoch 2, Step 320 - valid_score:18.18166
Epoch 2, Step 352 - valid_score:18.00579
Epoch 2, Step 384 - valid_score:17.92682
Epoch 2, Step 416 - valid_score:17.94433
Epoch 2, Step 448 - valid_score:18.15375
Epoch 2, Step 480 - valid_score:17.91405
Epoch 2, Step 512 - valid_score:18.94368
Epoch 2, Step 544 - valid_score:18.22529
Epoch 2, Step 576 - valid_score:18.18746
Epoch 2, Step 608 - valid_score:18.38475
Epoch 2, Step 640 - valid_score:17.94460
Epoch 2 - avg_train_loss: 0.63656  avg_val_loss: 0.64987  time: 1324s
Epoch 2 - train_score:17.13269  valid_score:18.86232
Starting 3 epoch...
Epoch 3, Step 32 - valid_score:18.17581
Epoch 3, Step 64 - valid_score:18.18445
Epoch 3, Step 96 - valid_score:18.33234
Epoch 3, Step 128 - valid_score:18.67954
Epoch 3, Step 160 - valid_score:18.25759
Epoch 3, Step 192 - valid_score:18.87961
Epoch 3, Step 224 - valid_score:19.19965
Epoch 3, Step 256 - valid_score:18.28833
Epoch 3, Step 288 - valid_score:18.67922
Epoch 3, Step 320 - valid_score:18.14857
Epoch 3, Step 352 - valid_score:18.27908
Epoch 3, Step 384 - valid_score:18.68689
Epoch 3, Step 416 - valid_score:17.94374
Epoch 3, Step 448 - valid_score:18.03900
Epoch 3, Step 480 - valid_score:18.45703
Epoch 3, Step 512 - valid_score:18.24634
Epoch 3, Step 544 - valid_score:18.72711
Epoch 3, Step 576 - valid_score:18.42356
Epoch 3, Step 608 - valid_score:19.15002
Epoch 3, Step 640 - valid_score:18.24759
Epoch 3 - avg_train_loss: 0.62451  avg_val_loss: 0.64523  time: 1320s
Epoch 3 - train_score:15.44169  valid_score:18.16961
Starting 4 epoch...
Epoch 4, Step 32 - valid_score:18.43338
Epoch 4, Step 64 - valid_score:19.88651
Epoch 4, Step 96 - valid_score:18.22830
Epoch 4, Step 128 - valid_score:18.29995
Epoch 4, Step 160 - valid_score:18.52311
Epoch 4, Step 192 - valid_score:18.49817
Epoch 4, Step 224 - valid_score:18.79434
Epoch 4, Step 256 - valid_score:18.50708
Epoch 4, Step 288 - valid_score:18.62374
Epoch 4, Step 320 - valid_score:18.78103
Epoch 4, Step 352 - valid_score:18.93454
Epoch 4, Step 384 - valid_score:19.03937
Epoch 4, Step 416 - valid_score:18.24919
Epoch 4, Step 448 - valid_score:18.55100
Epoch 4, Step 480 - valid_score:18.61211
Epoch 4, Step 512 - valid_score:18.62933
Epoch 4, Step 544 - valid_score:18.61025
Epoch 4, Step 576 - valid_score:18.68545
Epoch 4, Step 608 - valid_score:18.65876
Epoch 4, Step 640 - valid_score:18.83647
Epoch 4 - avg_train_loss: 0.60736  avg_val_loss: 0.64790  time: 1320s
Epoch 4 - train_score:12.75526  valid_score:18.52160
Early Stopping
========================================================================================================================
Fold 3 Training
========================================================================================================================
Starting 1 epoch...
Epoch 1, Step 32 - valid_score:20.02485
>>>>>>>> Model Improved From inf ----> 20.024851575449368
Epoch 1, Step 64 - valid_score:19.95555
>>>>>>>> Model Improved From 20.024851575449368 ----> 19.955549719071527
Epoch 1, Step 96 - valid_score:19.05789
>>>>>>>> Model Improved From 19.955549719071527 ----> 19.057894487275497
Epoch 1, Step 128 - valid_score:19.14878
Epoch 1, Step 160 - valid_score:19.44633
Epoch 1, Step 192 - valid_score:19.01719
>>>>>>>> Model Improved From 19.057894487275497 ----> 19.017189987146388
Epoch 1, Step 224 - valid_score:19.38244
Epoch 1, Step 256 - valid_score:18.53742
>>>>>>>> Model Improved From 19.017189987146388 ----> 18.53741750090659
Epoch 1, Step 288 - valid_score:20.09313
Epoch 1, Step 320 - valid_score:18.65589
Epoch 1, Step 352 - valid_score:18.34333
>>>>>>>> Model Improved From 18.53741750090659 ----> 18.34333087275836
Epoch 1, Step 384 - valid_score:18.41428
Epoch 1, Step 416 - valid_score:19.06458
Epoch 1, Step 448 - valid_score:18.71578
Epoch 1, Step 480 - valid_score:18.42434
Epoch 1, Step 512 - valid_score:18.48128
Epoch 1, Step 544 - valid_score:18.69867
Epoch 1, Step 576 - valid_score:18.80671
Epoch 1, Step 608 - valid_score:19.08873
Epoch 1, Step 640 - valid_score:18.59296
Epoch 1 - avg_train_loss: 0.65052  avg_val_loss: 0.65011  time: 1329s
Epoch 1 - train_score:18.91411  valid_score:18.89902
Starting 2 epoch...
Epoch 2, Step 32 - valid_score:18.41819
Epoch 2, Step 64 - valid_score:18.31465
>>>>>>>> Model Improved From 18.34333087275836 ----> 18.31464608970193
Epoch 2, Step 96 - valid_score:18.42921
Epoch 2, Step 128 - valid_score:18.34288
Epoch 2, Step 160 - valid_score:18.73726
Epoch 2, Step 192 - valid_score:18.44191
Epoch 2, Step 224 - valid_score:18.36225
Epoch 2, Step 256 - valid_score:19.07152
Epoch 2, Step 288 - valid_score:18.47229
Epoch 2, Step 320 - valid_score:18.56987
Epoch 2, Step 352 - valid_score:18.64020
Epoch 2, Step 384 - valid_score:19.26859
Epoch 2, Step 416 - valid_score:18.28179
>>>>>>>> Model Improved From 18.31464608970193 ----> 18.281791083847985
Epoch 2, Step 448 - valid_score:18.30327
Epoch 2, Step 480 - valid_score:18.45621
Epoch 2, Step 512 - valid_score:18.56041
Epoch 2, Step 544 - valid_score:19.71430
Epoch 2, Step 576 - valid_score:18.55181
Epoch 2, Step 608 - valid_score:19.08393
Epoch 2, Step 640 - valid_score:19.79028
Epoch 2 - avg_train_loss: 0.63599  avg_val_loss: 0.64747  time: 1324s
Epoch 2 - train_score:17.05058  valid_score:18.57157
Starting 3 epoch...
Epoch 3, Step 32 - valid_score:18.91985
Epoch 3, Step 64 - valid_score:18.70681
Epoch 3, Step 96 - valid_score:18.81917
Epoch 3, Step 128 - valid_score:18.88496
Epoch 3, Step 160 - valid_score:18.80791
Epoch 3, Step 192 - valid_score:19.14094
Epoch 3, Step 224 - valid_score:19.52770
Epoch 3, Step 256 - valid_score:19.28413
Epoch 3, Step 288 - valid_score:19.12335
Epoch 3, Step 320 - valid_score:18.72769
Epoch 3, Step 352 - valid_score:18.83744
Epoch 3, Step 384 - valid_score:19.60004
Epoch 3, Step 416 - valid_score:19.40229
Epoch 3, Step 448 - valid_score:20.01337
Epoch 3, Step 480 - valid_score:18.23412
>>>>>>>> Model Improved From 18.281791083847985 ----> 18.23412293576845
Epoch 3, Step 512 - valid_score:18.70621
Epoch 3, Step 544 - valid_score:18.45960
Epoch 3, Step 576 - valid_score:18.90867
Epoch 3, Step 608 - valid_score:18.91875
Epoch 3, Step 640 - valid_score:18.77174
Epoch 3 - avg_train_loss: 0.62275  avg_val_loss: 0.65941  time: 1320s
Epoch 3 - train_score:15.15566  valid_score:19.76276
Starting 4 epoch...
Epoch 4, Step 32 - valid_score:20.18796
Epoch 4, Step 64 - valid_score:19.23247
Epoch 4, Step 96 - valid_score:19.14779
Epoch 4, Step 128 - valid_score:20.25196
Epoch 4, Step 160 - valid_score:19.39441
Epoch 4, Step 192 - valid_score:19.61502
Epoch 4, Step 224 - valid_score:19.76489
Epoch 4, Step 256 - valid_score:19.33267
Epoch 4, Step 288 - valid_score:19.28311
Epoch 4, Step 320 - valid_score:19.17243
Epoch 4, Step 352 - valid_score:19.60456
Epoch 4, Step 384 - valid_score:20.44381
Epoch 4, Step 416 - valid_score:20.04275
Epoch 4, Step 448 - valid_score:19.49964
Epoch 4, Step 480 - valid_score:19.10626
Epoch 4, Step 512 - valid_score:19.19631
Epoch 4, Step 544 - valid_score:19.09776
Epoch 4, Step 576 - valid_score:19.27933
Epoch 4, Step 608 - valid_score:19.75846
Epoch 4, Step 640 - valid_score:19.18986
Epoch 4 - avg_train_loss: 0.60686  avg_val_loss: 0.65502  time: 1319s
Epoch 4 - train_score:12.71062  valid_score:19.26999
Early Stopping
========================================================================================================================
Fold 4 Training
========================================================================================================================
Starting 1 epoch...
Epoch 1, Step 32 - valid_score:19.93132
>>>>>>>> Model Improved From inf ----> 19.93131843290451
Epoch 1, Step 64 - valid_score:20.12469
Epoch 1, Step 96 - valid_score:20.30591
Epoch 1, Step 128 - valid_score:18.69433
>>>>>>>> Model Improved From 19.93131843290451 ----> 18.694327925914173
Epoch 1, Step 160 - valid_score:19.67344
Epoch 1, Step 192 - valid_score:18.72042
Epoch 1, Step 224 - valid_score:18.85859
Epoch 1, Step 256 - valid_score:18.91365
Epoch 1, Step 288 - valid_score:18.49654
>>>>>>>> Model Improved From 18.694327925914173 ----> 18.496535425095814
Epoch 1, Step 320 - valid_score:19.16568
Epoch 1, Step 352 - valid_score:19.35168
Epoch 1, Step 384 - valid_score:18.94655
Epoch 1, Step 416 - valid_score:19.73726
Epoch 1, Step 448 - valid_score:19.54837
Epoch 1, Step 480 - valid_score:18.30796
>>>>>>>> Model Improved From 18.496535425095814 ----> 18.30795779327709
Epoch 1, Step 512 - valid_score:18.87701
Epoch 1, Step 544 - valid_score:18.16646
>>>>>>>> Model Improved From 18.30795779327709 ----> 18.16646286588908
Epoch 1, Step 576 - valid_score:18.46207
Epoch 1, Step 608 - valid_score:18.74374
Epoch 1, Step 640 - valid_score:18.78959
Epoch 1 - avg_train_loss: 0.65015  avg_val_loss: 0.64510  time: 1320s
Epoch 1 - train_score:18.86175  valid_score:18.33660
Starting 2 epoch...
Epoch 2, Step 32 - valid_score:18.93386
Epoch 2, Step 64 - valid_score:18.36581
Epoch 2, Step 96 - valid_score:18.87891
Epoch 2, Step 128 - valid_score:18.91102
Epoch 2, Step 160 - valid_score:18.59035
Epoch 2, Step 192 - valid_score:18.47606
Epoch 2, Step 224 - valid_score:18.65864
Epoch 2, Step 256 - valid_score:18.64678
Epoch 2, Step 288 - valid_score:18.45604
Epoch 2, Step 320 - valid_score:18.62614
Epoch 2, Step 352 - valid_score:19.06899
Epoch 2, Step 384 - valid_score:18.67159
Epoch 2, Step 416 - valid_score:19.81945
Epoch 2, Step 448 - valid_score:18.48215
Epoch 2, Step 480 - valid_score:19.09126
Epoch 2, Step 512 - valid_score:18.52677
Epoch 2, Step 544 - valid_score:19.48026
Epoch 2, Step 576 - valid_score:19.17109
Epoch 2, Step 608 - valid_score:18.40292
Epoch 2, Step 640 - valid_score:18.41633
Epoch 2 - avg_train_loss: 0.63747  avg_val_loss: 0.65114  time: 1315s
Epoch 2 - train_score:17.22429  valid_score:19.09341
Starting 3 epoch...
Epoch 3, Step 32 - valid_score:18.35995
Epoch 3, Step 64 - valid_score:21.00377
Epoch 3, Step 96 - valid_score:18.93095
Epoch 3, Step 128 - valid_score:19.16966
Epoch 3, Step 160 - valid_score:19.10991
Epoch 3, Step 192 - valid_score:19.06017
Epoch 3, Step 224 - valid_score:19.72104
Epoch 3, Step 256 - valid_score:19.58129
Epoch 3, Step 288 - valid_score:18.77518
Epoch 3, Step 320 - valid_score:18.63405
Epoch 3, Step 352 - valid_score:18.84502
Epoch 3, Step 384 - valid_score:19.19099
Epoch 3, Step 416 - valid_score:18.56369
Epoch 3, Step 448 - valid_score:19.01901
Epoch 3, Step 480 - valid_score:18.91692
Epoch 3, Step 512 - valid_score:18.93774
Epoch 3, Step 544 - valid_score:18.63659
Epoch 3, Step 576 - valid_score:19.76827
Epoch 3, Step 608 - valid_score:20.04460
Epoch 3, Step 640 - valid_score:19.36692
Epoch 3 - avg_train_loss: 0.62331  avg_val_loss: 0.65309  time: 1315s
Epoch 3 - train_score:15.21178  valid_score:19.28089
Starting 4 epoch...
Epoch 4, Step 32 - valid_score:19.27594
Epoch 4, Step 64 - valid_score:18.98638
Epoch 4, Step 96 - valid_score:19.24249
Epoch 4, Step 128 - valid_score:18.84038
Epoch 4, Step 160 - valid_score:19.50580
Epoch 4, Step 192 - valid_score:19.19323
Epoch 4, Step 224 - valid_score:19.72609
Epoch 4, Step 256 - valid_score:19.43485
Epoch 4, Step 288 - valid_score:19.39743
Epoch 4, Step 320 - valid_score:18.95507
Epoch 4, Step 352 - valid_score:19.07473
Epoch 4, Step 384 - valid_score:19.77409
Epoch 4, Step 416 - valid_score:19.29946
Epoch 4, Step 448 - valid_score:19.31901
Epoch 4, Step 480 - valid_score:19.07106
Epoch 4, Step 512 - valid_score:19.51453
Epoch 4, Step 544 - valid_score:19.89942
Epoch 4, Step 576 - valid_score:19.25997
Epoch 4, Step 608 - valid_score:19.58818
Epoch 4, Step 640 - valid_score:19.25492
Epoch 4 - avg_train_loss: 0.60771  avg_val_loss: 0.65586  time: 1316s
Epoch 4 - train_score:12.78067  valid_score:19.50133
Early Stopping
cv score 17.98762771055158
