========================================================================================================================
Fold 0 Training
========================================================================================================================
Starting 1 epoch...
Epoch 1, Step 32 - valid_score:17.86752
>>>>>>>> Model Improved From inf ----> 17.867519007287736
Epoch 1, Step 64 - valid_score:17.41981
>>>>>>>> Model Improved From 17.867519007287736 ----> 17.41981275969524
Epoch 1, Step 96 - valid_score:17.98241
Epoch 1, Step 128 - valid_score:17.39553
>>>>>>>> Model Improved From 17.41981275969524 ----> 17.39553469487574
Epoch 1, Step 160 - valid_score:17.37157
>>>>>>>> Model Improved From 17.39553469487574 ----> 17.37156698766959
Epoch 1, Step 192 - valid_score:17.27334
>>>>>>>> Model Improved From 17.37156698766959 ----> 17.273338883774052
Epoch 1, Step 224 - valid_score:17.44485
Epoch 1, Step 256 - valid_score:17.52775
Epoch 1, Step 288 - valid_score:17.45579
Epoch 1, Step 320 - valid_score:17.46378
Epoch 1, Step 352 - valid_score:17.22628
>>>>>>>> Model Improved From 17.273338883774052 ----> 17.2262768251062
Epoch 1, Step 384 - valid_score:17.31318
Epoch 1, Step 416 - valid_score:17.20529
>>>>>>>> Model Improved From 17.2262768251062 ----> 17.20528871724865
Epoch 1, Step 448 - valid_score:17.30598
Epoch 1, Step 480 - valid_score:17.39224
Epoch 1, Step 512 - valid_score:17.39308
Epoch 1 - avg_train_loss: 0.63808  avg_val_loss: 0.63629  time: 543s
Epoch 1 - train_score:17.26992  valid_score:17.48821
Starting 2 epoch...
Epoch 2, Step 32 - valid_score:17.27817
Epoch 2, Step 64 - valid_score:17.41156
Epoch 2, Step 96 - valid_score:17.53162
Epoch 2, Step 128 - valid_score:17.43189
Epoch 2, Step 160 - valid_score:17.30540
Epoch 2, Step 192 - valid_score:17.42465
Epoch 2, Step 224 - valid_score:17.37206
Epoch 2, Step 256 - valid_score:17.55643
Epoch 2, Step 288 - valid_score:17.70058
Epoch 2, Step 320 - valid_score:17.48888
Epoch 2, Step 352 - valid_score:17.47421
Epoch 2, Step 384 - valid_score:17.36063
Epoch 2, Step 416 - valid_score:17.42729
Epoch 2, Step 448 - valid_score:17.35232
Epoch 2, Step 480 - valid_score:17.39293
Epoch 2, Step 512 - valid_score:17.32016
Epoch 2 - avg_train_loss: 0.63300  avg_val_loss: 0.63587  time: 530s
Epoch 2 - train_score:16.55905  valid_score:17.43216
Starting 3 epoch...
Epoch 3, Step 32 - valid_score:17.38114
Epoch 3, Step 64 - valid_score:17.54709
Epoch 3, Step 96 - valid_score:17.63196
Epoch 3, Step 128 - valid_score:17.40906
Epoch 3, Step 160 - valid_score:17.68626
Epoch 3, Step 192 - valid_score:17.55519
Epoch 3, Step 224 - valid_score:17.51951
Epoch 3, Step 256 - valid_score:18.17733
Epoch 3, Step 288 - valid_score:17.43525
Epoch 3, Step 320 - valid_score:17.70340
Epoch 3, Step 352 - valid_score:18.22595
Epoch 3, Step 384 - valid_score:17.46841
Epoch 3, Step 416 - valid_score:17.38853
Epoch 3, Step 448 - valid_score:17.53930
Epoch 3, Step 480 - valid_score:17.79685
Epoch 3, Step 512 - valid_score:17.83752
Epoch 3 - avg_train_loss: 0.62605  avg_val_loss: 0.63940  time: 530s
Epoch 3 - train_score:15.57381  valid_score:17.84262
Starting 4 epoch...
Epoch 4, Step 32 - valid_score:17.81458
Epoch 4, Step 64 - valid_score:17.64352
Epoch 4, Step 96 - valid_score:17.80627
Epoch 4, Step 128 - valid_score:17.80606
Epoch 4, Step 160 - valid_score:18.01251
Epoch 4, Step 192 - valid_score:17.92821
Epoch 4, Step 224 - valid_score:18.19391
Epoch 4, Step 256 - valid_score:18.11778
Epoch 4, Step 288 - valid_score:17.80737
Epoch 4, Step 320 - valid_score:17.80976
Epoch 4, Step 352 - valid_score:18.06265
Epoch 4, Step 384 - valid_score:17.78419
Epoch 4, Step 416 - valid_score:17.88674
Epoch 4, Step 448 - valid_score:17.95475
Epoch 4, Step 480 - valid_score:18.39555
Epoch 4, Step 512 - valid_score:17.68662
Epoch 4 - avg_train_loss: 0.61792  avg_val_loss: 0.63691  time: 531s
Epoch 4 - train_score:14.35307  valid_score:17.48595
Early Stopping
========================================================================================================================
Fold 1 Training
========================================================================================================================
Starting 1 epoch...
Epoch 1, Step 32 - valid_score:17.01118
>>>>>>>> Model Improved From inf ----> 17.011178496129443
Epoch 1, Step 64 - valid_score:17.07807
Epoch 1, Step 96 - valid_score:16.93359
>>>>>>>> Model Improved From 17.011178496129443 ----> 16.933589556095
Epoch 1, Step 128 - valid_score:17.62111
Epoch 1, Step 160 - valid_score:16.88546
>>>>>>>> Model Improved From 16.933589556095 ----> 16.88545934759716
Epoch 1, Step 192 - valid_score:16.84714
>>>>>>>> Model Improved From 16.88545934759716 ----> 16.847142295152615
Epoch 1, Step 224 - valid_score:16.89224
Epoch 1, Step 256 - valid_score:16.83740
>>>>>>>> Model Improved From 16.847142295152615 ----> 16.83740413386795
Epoch 1, Step 288 - valid_score:17.33892
Epoch 1, Step 320 - valid_score:16.76317
>>>>>>>> Model Improved From 16.83740413386795 ----> 16.76316883018052
Epoch 1, Step 352 - valid_score:16.89713
Epoch 1, Step 384 - valid_score:16.77483
Epoch 1, Step 416 - valid_score:16.76956
Epoch 1, Step 448 - valid_score:17.01457
Epoch 1, Step 480 - valid_score:16.87245
Epoch 1, Step 512 - valid_score:16.68156
>>>>>>>> Model Improved From 16.76316883018052 ----> 16.681563096406137
Epoch 1 - avg_train_loss: 0.63635  avg_val_loss: 0.63804  time: 550s
Epoch 1 - train_score:17.22948  valid_score:16.69575
Starting 2 epoch...
Epoch 2, Step 32 - valid_score:16.78005
Epoch 2, Step 64 - valid_score:16.95313
Epoch 2, Step 96 - valid_score:16.90226
Epoch 2, Step 128 - valid_score:16.74653
Epoch 2, Step 160 - valid_score:16.96596
Epoch 2, Step 192 - valid_score:17.08564
Epoch 2, Step 224 - valid_score:16.88577
Epoch 2, Step 256 - valid_score:17.15460
Epoch 2, Step 288 - valid_score:17.41387
Epoch 2, Step 320 - valid_score:16.81445
Epoch 2, Step 352 - valid_score:16.77613
Epoch 2, Step 384 - valid_score:16.91190
Epoch 2, Step 416 - valid_score:16.81433
Epoch 2, Step 448 - valid_score:17.08362
Epoch 2, Step 480 - valid_score:16.77812
Epoch 2, Step 512 - valid_score:17.33137
Epoch 2 - avg_train_loss: 0.63031  avg_val_loss: 0.64277  time: 527s
Epoch 2 - train_score:16.40124  valid_score:17.29499
Starting 3 epoch...
Epoch 3, Step 32 - valid_score:17.12539
Epoch 3, Step 64 - valid_score:17.26499
Epoch 3, Step 96 - valid_score:17.04067
Epoch 3, Step 128 - valid_score:17.14869
Epoch 3, Step 160 - valid_score:17.14839
Epoch 3, Step 192 - valid_score:17.10119
Epoch 3, Step 224 - valid_score:16.94868
Epoch 3, Step 256 - valid_score:17.18613
Epoch 3, Step 288 - valid_score:17.22074
Epoch 3, Step 320 - valid_score:17.24164
Epoch 3, Step 352 - valid_score:16.86601
Epoch 3, Step 384 - valid_score:17.16248
Epoch 3, Step 416 - valid_score:17.57301
Epoch 3, Step 448 - valid_score:17.23542
Epoch 3, Step 480 - valid_score:17.50766
Epoch 3, Step 512 - valid_score:17.26138
Epoch 3 - avg_train_loss: 0.62340  avg_val_loss: 0.64435  time: 528s
Epoch 3 - train_score:15.41535  valid_score:17.40790
Starting 4 epoch...
Epoch 4, Step 32 - valid_score:17.68582
Epoch 4, Step 64 - valid_score:17.55582
Epoch 4, Step 96 - valid_score:17.36792
Epoch 4, Step 128 - valid_score:17.75023
Epoch 4, Step 160 - valid_score:17.78411
Epoch 4, Step 192 - valid_score:18.26692
Epoch 4, Step 224 - valid_score:17.60639
Epoch 4, Step 256 - valid_score:17.54248
Epoch 4, Step 288 - valid_score:17.59719
Epoch 4, Step 320 - valid_score:17.85141
Epoch 4, Step 352 - valid_score:18.22803
Epoch 4, Step 384 - valid_score:17.91421
Epoch 4, Step 416 - valid_score:17.60325
Epoch 4, Step 448 - valid_score:17.73375
Epoch 4, Step 480 - valid_score:17.66766
Epoch 4, Step 512 - valid_score:17.69376
Epoch 4 - avg_train_loss: 0.61439  avg_val_loss: 0.64693  time: 528s
Epoch 4 - train_score:14.04236  valid_score:17.71271
Early Stopping
========================================================================================================================
Fold 2 Training
========================================================================================================================
Starting 1 epoch...
Epoch 1, Step 32 - valid_score:17.49780
>>>>>>>> Model Improved From inf ----> 17.497795992608452
Epoch 1, Step 64 - valid_score:17.48723
>>>>>>>> Model Improved From 17.497795992608452 ----> 17.4872326802992
Epoch 1, Step 96 - valid_score:17.49273
Epoch 1, Step 128 - valid_score:17.92837
Epoch 1, Step 160 - valid_score:17.45966
>>>>>>>> Model Improved From 17.4872326802992 ----> 17.459659544814034
Epoch 1, Step 192 - valid_score:17.39389
>>>>>>>> Model Improved From 17.459659544814034 ----> 17.393893823438795
Epoch 1, Step 224 - valid_score:17.72094
Epoch 1, Step 256 - valid_score:17.60935
Epoch 1, Step 288 - valid_score:17.85654
Epoch 1, Step 320 - valid_score:17.46088
Epoch 1, Step 352 - valid_score:17.33939
>>>>>>>> Model Improved From 17.393893823438795 ----> 17.33939097079975
Epoch 1, Step 384 - valid_score:17.76158
Epoch 1, Step 416 - valid_score:17.19510
>>>>>>>> Model Improved From 17.33939097079975 ----> 17.195099870979554
Epoch 1, Step 448 - valid_score:17.31824
Epoch 1, Step 480 - valid_score:17.34149
Epoch 1, Step 512 - valid_score:17.29720
Epoch 1 - avg_train_loss: 0.63744  avg_val_loss: 0.63777  time: 549s
Epoch 1 - train_score:17.24559  valid_score:17.33884
Starting 2 epoch...
Epoch 2, Step 32 - valid_score:17.62382
Epoch 2, Step 64 - valid_score:17.29772
Epoch 2, Step 96 - valid_score:17.40574
Epoch 2, Step 128 - valid_score:17.46972
Epoch 2, Step 160 - valid_score:17.55250
Epoch 2, Step 192 - valid_score:17.48546
Epoch 2, Step 224 - valid_score:17.94585
Epoch 2, Step 256 - valid_score:17.46813
Epoch 2, Step 288 - valid_score:17.64478
Epoch 2, Step 320 - valid_score:17.63327
Epoch 2, Step 352 - valid_score:17.48272
Epoch 2, Step 384 - valid_score:17.43995
Epoch 2, Step 416 - valid_score:17.48774
Epoch 2, Step 448 - valid_score:17.71182
Epoch 2, Step 480 - valid_score:17.49412
Epoch 2, Step 512 - valid_score:17.35164
Epoch 2 - avg_train_loss: 0.63184  avg_val_loss: 0.63839  time: 533s
Epoch 2 - train_score:16.47358  valid_score:17.42322
Starting 3 epoch...
Epoch 3, Step 32 - valid_score:17.52391
Epoch 3, Step 64 - valid_score:17.62563
Epoch 3, Step 96 - valid_score:17.62045
Epoch 3, Step 128 - valid_score:17.55643
Epoch 3, Step 160 - valid_score:17.87292
Epoch 3, Step 192 - valid_score:17.76963
Epoch 3, Step 224 - valid_score:17.65403
Epoch 3, Step 256 - valid_score:18.46756
Epoch 3, Step 288 - valid_score:17.72993
Epoch 3, Step 320 - valid_score:18.22532
Epoch 3, Step 352 - valid_score:17.86065
Epoch 3, Step 384 - valid_score:17.44757
Epoch 3, Step 416 - valid_score:18.08392
Epoch 3, Step 448 - valid_score:17.78181
Epoch 3, Step 480 - valid_score:17.59524
Epoch 3, Step 512 - valid_score:18.19672
Epoch 3 - avg_train_loss: 0.62489  avg_val_loss: 0.64700  time: 534s
Epoch 3 - train_score:15.48072  valid_score:18.43573
Starting 4 epoch...
Epoch 4, Step 32 - valid_score:18.00659
Epoch 4, Step 64 - valid_score:18.18123
Epoch 4, Step 96 - valid_score:18.11958
Epoch 4, Step 128 - valid_score:18.09087
Epoch 4, Step 160 - valid_score:18.12030
Epoch 4, Step 192 - valid_score:17.99041
Epoch 4, Step 224 - valid_score:17.88837
Epoch 4, Step 256 - valid_score:18.10451
Epoch 4, Step 288 - valid_score:17.98413
Epoch 4, Step 320 - valid_score:18.59025
Epoch 4, Step 352 - valid_score:18.39226
Epoch 4, Step 384 - valid_score:17.92374
Epoch 4, Step 416 - valid_score:17.95426
Epoch 4, Step 448 - valid_score:18.10565
Epoch 4, Step 480 - valid_score:18.02715
Epoch 4, Step 512 - valid_score:18.15787
Epoch 4 - avg_train_loss: 0.61734  avg_val_loss: 0.64510  time: 534s
Epoch 4 - train_score:14.35871  valid_score:18.16302
Early Stopping
========================================================================================================================
Fold 3 Training
========================================================================================================================
Starting 1 epoch...
Epoch 1, Step 32 - valid_score:18.16594
>>>>>>>> Model Improved From inf ----> 18.165941784187357
Epoch 1, Step 64 - valid_score:17.90578
>>>>>>>> Model Improved From 18.165941784187357 ----> 17.905784521331864
Epoch 1, Step 96 - valid_score:17.97226
Epoch 1, Step 128 - valid_score:18.07349
Epoch 1, Step 160 - valid_score:18.00336
Epoch 1, Step 192 - valid_score:18.07493
Epoch 1, Step 224 - valid_score:18.38520
Epoch 1, Step 256 - valid_score:17.97802
Epoch 1, Step 288 - valid_score:17.90677
Epoch 1, Step 320 - valid_score:17.90532
>>>>>>>> Model Improved From 17.905784521331864 ----> 17.90531938434094
Epoch 1, Step 352 - valid_score:18.21961
Epoch 1, Step 384 - valid_score:18.19413
Epoch 1, Step 416 - valid_score:17.93143
Epoch 1, Step 448 - valid_score:18.06229
Epoch 1, Step 480 - valid_score:18.10226
Epoch 1, Step 512 - valid_score:18.02282
Epoch 1 - avg_train_loss: 0.63531  avg_val_loss: 0.64432  time: 536s
Epoch 1 - train_score:16.95216  valid_score:18.22109
Starting 2 epoch...
Epoch 2, Step 32 - valid_score:18.07679
Epoch 2, Step 64 - valid_score:18.13976
Epoch 2, Step 96 - valid_score:18.18720
Epoch 2, Step 128 - valid_score:18.18820
Epoch 2, Step 160 - valid_score:18.31193
Epoch 2, Step 192 - valid_score:18.24329
Epoch 2, Step 224 - valid_score:18.15117
Epoch 2, Step 256 - valid_score:18.36759
Epoch 2, Step 288 - valid_score:18.28193
Epoch 2, Step 320 - valid_score:18.13759
Epoch 2, Step 352 - valid_score:18.68673
Epoch 2, Step 384 - valid_score:18.21470
Epoch 2, Step 416 - valid_score:18.30500
Epoch 2, Step 448 - valid_score:18.85238
Epoch 2, Step 480 - valid_score:18.22661
Epoch 2, Step 512 - valid_score:18.25766
Epoch 2 - avg_train_loss: 0.63027  avg_val_loss: 0.64449  time: 530s
Epoch 2 - train_score:16.25730  valid_score:18.22663
Starting 3 epoch...
Epoch 3, Step 32 - valid_score:18.47327
Epoch 3, Step 64 - valid_score:18.45744
Epoch 3, Step 96 - valid_score:18.26311
Epoch 3, Step 128 - valid_score:18.54553
Epoch 3, Step 160 - valid_score:18.72812
Epoch 3, Step 192 - valid_score:18.39868
Epoch 3, Step 224 - valid_score:18.79737
Epoch 3, Step 256 - valid_score:18.90911
Epoch 3, Step 288 - valid_score:18.48505
Epoch 3, Step 320 - valid_score:18.47514
Epoch 3, Step 352 - valid_score:18.58447
Epoch 3, Step 384 - valid_score:18.44060
Epoch 3, Step 416 - valid_score:18.27387
Epoch 3, Step 448 - valid_score:18.59975
Epoch 3, Step 480 - valid_score:18.31156
Epoch 3, Step 512 - valid_score:18.50641
Epoch 3 - avg_train_loss: 0.62251  avg_val_loss: 0.64638  time: 527s
Epoch 3 - train_score:15.11912  valid_score:18.42123
Starting 4 epoch...
Epoch 4, Step 32 - valid_score:19.14090
Epoch 4, Step 64 - valid_score:18.99128
Epoch 4, Step 96 - valid_score:18.88035
Epoch 4, Step 128 - valid_score:19.14053
Epoch 4, Step 160 - valid_score:18.98574
Epoch 4, Step 192 - valid_score:19.21405
Epoch 4, Step 224 - valid_score:19.05758
Epoch 4, Step 256 - valid_score:18.66870
Epoch 4, Step 288 - valid_score:18.91098
Epoch 4, Step 320 - valid_score:19.04470
Epoch 4, Step 352 - valid_score:18.92133
Epoch 4, Step 384 - valid_score:19.34045
Epoch 4, Step 416 - valid_score:19.06524
Epoch 4, Step 448 - valid_score:18.93697
Epoch 4, Step 480 - valid_score:18.79393
Epoch 4, Step 512 - valid_score:18.90703
Epoch 4 - avg_train_loss: 0.61567  avg_val_loss: 0.65268  time: 527s
Epoch 4 - train_score:14.08859  valid_score:19.06566
Early Stopping
========================================================================================================================
Fold 4 Training
========================================================================================================================
Starting 1 epoch...
Epoch 1, Step 32 - valid_score:17.94140
>>>>>>>> Model Improved From inf ----> 17.941395721089947
Epoch 1, Step 64 - valid_score:17.74451
>>>>>>>> Model Improved From 17.941395721089947 ----> 17.7445103852527
Epoch 1, Step 96 - valid_score:17.73792
>>>>>>>> Model Improved From 17.7445103852527 ----> 17.737915250321112
Epoch 1, Step 128 - valid_score:17.86249
Epoch 1, Step 160 - valid_score:17.88617
Epoch 1, Step 192 - valid_score:17.93532
Epoch 1, Step 224 - valid_score:17.68714
>>>>>>>> Model Improved From 17.737915250321112 ----> 17.687143334163732
Epoch 1, Step 256 - valid_score:17.81690
Epoch 1, Step 288 - valid_score:17.97809
Epoch 1, Step 320 - valid_score:17.93898
Epoch 1, Step 352 - valid_score:17.78989
Epoch 1, Step 384 - valid_score:17.75940
Epoch 1, Step 416 - valid_score:17.74309
Epoch 1, Step 448 - valid_score:17.83534
Epoch 1, Step 480 - valid_score:18.01651
Epoch 1, Step 512 - valid_score:17.74834
Epoch 1 - avg_train_loss: 0.63586  avg_val_loss: 0.64282  time: 550s
Epoch 1 - train_score:17.08868  valid_score:17.74912
Starting 2 epoch...
Epoch 2, Step 32 - valid_score:17.90186
Epoch 2, Step 64 - valid_score:17.87780
Epoch 2, Step 96 - valid_score:17.85854
Epoch 2, Step 128 - valid_score:17.94659
Epoch 2, Step 160 - valid_score:17.98478
Epoch 2, Step 192 - valid_score:17.97696
Epoch 2, Step 224 - valid_score:17.80831
Epoch 2, Step 256 - valid_score:18.28441
Epoch 2, Step 288 - valid_score:17.96748
Epoch 2, Step 320 - valid_score:18.18256
Epoch 2, Step 352 - valid_score:18.54241
Epoch 2, Step 384 - valid_score:18.06377
Epoch 2, Step 416 - valid_score:17.87118
Epoch 2, Step 448 - valid_score:17.75406
Epoch 2, Step 480 - valid_score:18.01470
Epoch 2, Step 512 - valid_score:18.00615
Epoch 2 - avg_train_loss: 0.63063  avg_val_loss: 0.64497  time: 538s
Epoch 2 - train_score:16.36248  valid_score:18.03999
Starting 3 epoch...
Epoch 3, Step 32 - valid_score:17.91717
Epoch 3, Step 64 - valid_score:18.01231
Epoch 3, Step 96 - valid_score:18.52740
Epoch 3, Step 128 - valid_score:18.20920
Epoch 3, Step 160 - valid_score:18.61959
Epoch 3, Step 192 - valid_score:18.44966
Epoch 3, Step 224 - valid_score:18.14508
Epoch 3, Step 256 - valid_score:18.33662
Epoch 3, Step 288 - valid_score:18.16472
Epoch 3, Step 320 - valid_score:18.51249
Epoch 3, Step 352 - valid_score:18.52449
Epoch 3, Step 384 - valid_score:18.69754
Epoch 3, Step 416 - valid_score:18.56609
Epoch 3, Step 448 - valid_score:18.17659
Epoch 3, Step 480 - valid_score:18.25886
Epoch 3, Step 512 - valid_score:18.89543
Epoch 3 - avg_train_loss: 0.62336  avg_val_loss: 0.65281  time: 538s
Epoch 3 - train_score:15.30672  valid_score:18.99674
Starting 4 epoch...
Epoch 4, Step 32 - valid_score:18.34434
Epoch 4, Step 64 - valid_score:18.57866
Epoch 4, Step 96 - valid_score:18.54844
Epoch 4, Step 128 - valid_score:18.79793
Epoch 4, Step 160 - valid_score:18.89531
Epoch 4, Step 192 - valid_score:18.65812
Epoch 4, Step 224 - valid_score:18.75797
Epoch 4, Step 256 - valid_score:18.60559
Epoch 4, Step 288 - valid_score:18.98465
Epoch 4, Step 320 - valid_score:18.93862
Epoch 4, Step 352 - valid_score:18.60052
Epoch 4, Step 384 - valid_score:18.65347
Epoch 4, Step 416 - valid_score:18.81351
Epoch 4, Step 448 - valid_score:18.41646
Epoch 4, Step 480 - valid_score:18.71149
Epoch 4, Step 512 - valid_score:18.79026
Epoch 4 - avg_train_loss: 0.61559  avg_val_loss: 0.65077  time: 537s
Epoch 4 - train_score:14.11530  valid_score:18.59628
Early Stopping
ex local test cv score 17.383165956286614
local hard test cv score 16.82725694700348
cv score 17.09240743303232
========================================================================================================================
Fold 0 Training
========================================================================================================================
Starting 1 epoch...
Epoch 1, Step 32 - valid_score:17.30972
>>>>>>>> Model Improved From inf ----> 17.309722123537732
Epoch 1, Step 64 - valid_score:17.40870
Epoch 1, Step 96 - valid_score:17.44374
Epoch 1, Step 128 - valid_score:17.50918
Epoch 1, Step 160 - valid_score:17.62038
Epoch 1, Step 192 - valid_score:17.50376
Epoch 1, Step 224 - valid_score:17.54213
Epoch 1, Step 256 - valid_score:17.43721
Epoch 1, Step 288 - valid_score:17.30498
>>>>>>>> Model Improved From 17.309722123537732 ----> 17.304979146959585
Epoch 1, Step 320 - valid_score:17.29529
>>>>>>>> Model Improved From 17.304979146959585 ----> 17.2952911904186
Epoch 1, Step 352 - valid_score:17.29729
Epoch 1, Step 384 - valid_score:17.39077
Epoch 1 - avg_train_loss: 0.63816  avg_val_loss: 0.63482  time: 413s
Epoch 1 - train_score:17.16288  valid_score:17.29400
>>>>>>>> Model Improved From 17.2952911904186 ----> 17.29400216632669
Starting 2 epoch...
Epoch 2, Step 32 - valid_score:17.35297
Epoch 2, Step 64 - valid_score:18.52861
Epoch 2, Step 96 - valid_score:17.40455
Epoch 2, Step 128 - valid_score:17.25290
>>>>>>>> Model Improved From 17.29400216632669 ----> 17.252895189447475
Epoch 2, Step 160 - valid_score:17.30638
Epoch 2, Step 192 - valid_score:17.59495
Epoch 2, Step 224 - valid_score:17.76673
Epoch 2, Step 256 - valid_score:17.25217
>>>>>>>> Model Improved From 17.252895189447475 ----> 17.252166519362845
Epoch 2, Step 288 - valid_score:17.12203
>>>>>>>> Model Improved From 17.252166519362845 ----> 17.122027172984986
Epoch 2, Step 320 - valid_score:17.31909
Epoch 2, Step 352 - valid_score:17.96673
Epoch 2, Step 384 - valid_score:17.64140
Epoch 2 - avg_train_loss: 0.63256  avg_val_loss: 0.63928  time: 420s
Epoch 2 - train_score:16.38891  valid_score:17.82846
Starting 3 epoch...
Epoch 3, Step 32 - valid_score:17.25772
Epoch 3, Step 64 - valid_score:17.45452
Epoch 3, Step 96 - valid_score:17.38210
Epoch 3, Step 128 - valid_score:17.51023
Epoch 3, Step 160 - valid_score:17.45836
Epoch 3, Step 192 - valid_score:17.59749
Epoch 3, Step 224 - valid_score:17.39431
Epoch 3, Step 256 - valid_score:17.60506
Epoch 3, Step 288 - valid_score:18.00903
Epoch 3, Step 320 - valid_score:17.86621
Epoch 3, Step 352 - valid_score:17.74907
Epoch 3, Step 384 - valid_score:17.65635
Epoch 3 - avg_train_loss: 0.62601  avg_val_loss: 0.63808  time: 412s
Epoch 3 - train_score:15.44687  valid_score:17.68941
Starting 4 epoch...
Epoch 4, Step 32 - valid_score:17.49838
Epoch 4, Step 64 - valid_score:17.81131
Epoch 4, Step 96 - valid_score:17.66168
Epoch 4, Step 128 - valid_score:17.87676
Epoch 4, Step 160 - valid_score:18.06745
Epoch 4, Step 192 - valid_score:17.75992
Epoch 4, Step 224 - valid_score:17.86775
Epoch 4, Step 256 - valid_score:17.79046
Epoch 4, Step 288 - valid_score:18.10475
Epoch 4, Step 320 - valid_score:18.05297
Epoch 4, Step 352 - valid_score:17.91401
Epoch 4, Step 384 - valid_score:17.58427
Epoch 4 - avg_train_loss: 0.61772  avg_val_loss: 0.64188  time: 411s
Epoch 4 - train_score:14.20133  valid_score:18.08951
Early Stopping
========================================================================================================================
Fold 1 Training
========================================================================================================================
Starting 1 epoch...
Epoch 1, Step 32 - valid_score:16.90954
>>>>>>>> Model Improved From inf ----> 16.909539161037767
Epoch 1, Step 64 - valid_score:16.87190
>>>>>>>> Model Improved From 16.909539161037767 ----> 16.871903576613715
Epoch 1, Step 96 - valid_score:16.75482
>>>>>>>> Model Improved From 16.871903576613715 ----> 16.754824983074325
Epoch 1, Step 128 - valid_score:16.88551
Epoch 1, Step 160 - valid_score:16.79666
Epoch 1, Step 192 - valid_score:16.95094
Epoch 1, Step 224 - valid_score:16.93978
Epoch 1, Step 256 - valid_score:16.84570
Epoch 1, Step 288 - valid_score:16.88010
Epoch 1, Step 320 - valid_score:16.95224
Epoch 1, Step 352 - valid_score:16.92477
Epoch 1, Step 384 - valid_score:16.80181
Epoch 1 - avg_train_loss: 0.63564  avg_val_loss: 0.63805  time: 418s
Epoch 1 - train_score:17.07908  valid_score:16.69529
>>>>>>>> Model Improved From 16.754824983074325 ----> 16.69529381513583
Starting 2 epoch...
Epoch 2, Step 32 - valid_score:16.84386
Epoch 2, Step 64 - valid_score:16.95551
Epoch 2, Step 96 - valid_score:16.85523
Epoch 2, Step 128 - valid_score:16.81989
Epoch 2, Step 160 - valid_score:17.24876
Epoch 2, Step 192 - valid_score:17.33624
Epoch 2, Step 224 - valid_score:17.40778
Epoch 2, Step 256 - valid_score:16.83592
Epoch 2, Step 288 - valid_score:16.91006
Epoch 2, Step 320 - valid_score:17.04232
Epoch 2, Step 352 - valid_score:16.88709
Epoch 2, Step 384 - valid_score:16.85528
Epoch 2 - avg_train_loss: 0.62962  avg_val_loss: 0.63925  time: 411s
Epoch 2 - train_score:16.22611  valid_score:16.84452
Starting 3 epoch...
Epoch 3, Step 32 - valid_score:17.17919
Epoch 3, Step 64 - valid_score:16.92948
Epoch 3, Step 96 - valid_score:17.07011
Epoch 3, Step 128 - valid_score:17.07936
Epoch 3, Step 160 - valid_score:17.15758
Epoch 3, Step 192 - valid_score:17.11190
Epoch 3, Step 224 - valid_score:16.89931
Epoch 3, Step 256 - valid_score:17.40542
Epoch 3, Step 288 - valid_score:17.32417
Epoch 3, Step 320 - valid_score:17.01645
Epoch 3, Step 352 - valid_score:17.06787
Epoch 3, Step 384 - valid_score:17.19753
Epoch 3 - avg_train_loss: 0.62330  avg_val_loss: 0.64191  time: 409s
Epoch 3 - train_score:15.33409  valid_score:17.11032
Starting 4 epoch...
Epoch 4, Step 32 - valid_score:17.13055
Epoch 4, Step 64 - valid_score:17.44622
Epoch 4, Step 96 - valid_score:17.38343
Epoch 4, Step 128 - valid_score:17.54062
Epoch 4, Step 160 - valid_score:17.41619
Epoch 4, Step 192 - valid_score:17.65459
Epoch 4, Step 224 - valid_score:17.35967
Epoch 4, Step 256 - valid_score:17.62725
Epoch 4, Step 288 - valid_score:17.72230
Epoch 4, Step 320 - valid_score:17.68947
Epoch 4, Step 352 - valid_score:17.64057
Epoch 4, Step 384 - valid_score:17.62411
Epoch 4 - avg_train_loss: 0.61488  avg_val_loss: 0.64417  time: 408s
Epoch 4 - train_score:14.02730  valid_score:17.44955
Early Stopping
========================================================================================================================
Fold 2 Training
========================================================================================================================
Starting 1 epoch...
Epoch 1, Step 32 - valid_score:17.58973
>>>>>>>> Model Improved From inf ----> 17.589725323319506
Epoch 1, Step 64 - valid_score:17.46094
>>>>>>>> Model Improved From 17.589725323319506 ----> 17.460935819380108
Epoch 1, Step 96 - valid_score:17.52855
Epoch 1, Step 128 - valid_score:17.44445
>>>>>>>> Model Improved From 17.460935819380108 ----> 17.44444679953614
Epoch 1, Step 160 - valid_score:17.40969
>>>>>>>> Model Improved From 17.44444679953614 ----> 17.409690920645602
Epoch 1, Step 192 - valid_score:17.44604
Epoch 1, Step 224 - valid_score:17.69542
Epoch 1, Step 256 - valid_score:17.53636
Epoch 1, Step 288 - valid_score:17.49471
Epoch 1, Step 320 - valid_score:17.41829
Epoch 1, Step 352 - valid_score:17.39956
>>>>>>>> Model Improved From 17.409690920645602 ----> 17.399561694456093
Epoch 1, Step 384 - valid_score:17.49534
Epoch 1 - avg_train_loss: 0.63754  avg_val_loss: 0.63732  time: 429s
Epoch 1 - train_score:17.16384  valid_score:17.28458
>>>>>>>> Model Improved From 17.399561694456093 ----> 17.284575615740216
Starting 2 epoch...
Epoch 2, Step 32 - valid_score:17.26890
>>>>>>>> Model Improved From 17.284575615740216 ----> 17.268902350342593
Epoch 2, Step 64 - valid_score:17.39718
Epoch 2, Step 96 - valid_score:17.44925
Epoch 2, Step 128 - valid_score:17.29671
Epoch 2, Step 160 - valid_score:17.68623
Epoch 2, Step 192 - valid_score:17.57008
Epoch 2, Step 224 - valid_score:17.53307
Epoch 2, Step 256 - valid_score:17.57040
Epoch 2, Step 288 - valid_score:17.37500
Epoch 2, Step 320 - valid_score:17.43473
Epoch 2, Step 352 - valid_score:17.48528
Epoch 2, Step 384 - valid_score:17.60237
Epoch 2 - avg_train_loss: 0.63152  avg_val_loss: 0.63902  time: 417s
Epoch 2 - train_score:16.33053  valid_score:17.50855
Starting 3 epoch...
Epoch 3, Step 32 - valid_score:18.22325
Epoch 3, Step 64 - valid_score:17.78436
Epoch 3, Step 96 - valid_score:17.78408
Epoch 3, Step 128 - valid_score:17.85724
Epoch 3, Step 160 - valid_score:17.96009
Epoch 3, Step 192 - valid_score:17.77556
Epoch 3, Step 224 - valid_score:17.67289
Epoch 3, Step 256 - valid_score:17.99350
Epoch 3, Step 288 - valid_score:18.08013
Epoch 3, Step 320 - valid_score:18.28372
Epoch 3, Step 352 - valid_score:17.68185
Epoch 3, Step 384 - valid_score:17.72442
Epoch 3 - avg_train_loss: 0.62457  avg_val_loss: 0.64232  time: 413s
Epoch 3 - train_score:15.32419  valid_score:17.90359
Starting 4 epoch...
Epoch 4, Step 32 - valid_score:18.01602
Epoch 4, Step 64 - valid_score:17.99672
Epoch 4, Step 96 - valid_score:18.28591
Epoch 4, Step 128 - valid_score:18.31377
Epoch 4, Step 160 - valid_score:18.49300
Epoch 4, Step 192 - valid_score:18.11446
Epoch 4, Step 224 - valid_score:18.04995
Epoch 4, Step 256 - valid_score:18.39220
Epoch 4, Step 288 - valid_score:18.21907
Epoch 4, Step 320 - valid_score:17.93442
Epoch 4, Step 352 - valid_score:18.12740
Epoch 4, Step 384 - valid_score:17.95221
Epoch 4 - avg_train_loss: 0.61666  avg_val_loss: 0.64649  time: 411s
Epoch 4 - train_score:14.13573  valid_score:18.32728
Early Stopping
========================================================================================================================
Fold 3 Training
========================================================================================================================
Starting 1 epoch...
Epoch 1, Step 32 - valid_score:18.15791
>>>>>>>> Model Improved From inf ----> 18.157912007473744
Epoch 1, Step 64 - valid_score:17.94957
>>>>>>>> Model Improved From 18.157912007473744 ----> 17.94956846944668
Epoch 1, Step 96 - valid_score:18.07685
Epoch 1, Step 128 - valid_score:18.29082
Epoch 1, Step 160 - valid_score:17.98585
Epoch 1, Step 192 - valid_score:18.10803
Epoch 1, Step 224 - valid_score:18.33421
Epoch 1, Step 256 - valid_score:18.03633
Epoch 1, Step 288 - valid_score:17.99265
Epoch 1, Step 320 - valid_score:17.90768
>>>>>>>> Model Improved From 17.94956846944668 ----> 17.907679478739112
Epoch 1, Step 352 - valid_score:18.47870
Epoch 1, Step 384 - valid_score:17.96355
Epoch 1 - avg_train_loss: 0.63493  avg_val_loss: 0.64313  time: 420s
Epoch 1 - train_score:16.79685  valid_score:18.08817
Starting 2 epoch...
Epoch 2, Step 32 - valid_score:17.89591
>>>>>>>> Model Improved From 17.907679478739112 ----> 17.89590513383546
Epoch 2, Step 64 - valid_score:17.95633
Epoch 2, Step 96 - valid_score:18.09412
Epoch 2, Step 128 - valid_score:18.08313
Epoch 2, Step 160 - valid_score:18.08467
Epoch 2, Step 192 - valid_score:18.27192
Epoch 2, Step 224 - valid_score:18.29137
Epoch 2, Step 256 - valid_score:18.72954
Epoch 2, Step 288 - valid_score:18.05181
Epoch 2, Step 320 - valid_score:18.17582
Epoch 2, Step 352 - valid_score:18.41838
Epoch 2, Step 384 - valid_score:18.35475
Epoch 2 - avg_train_loss: 0.62888  avg_val_loss: 0.64609  time: 409s
Epoch 2 - train_score:15.95095  valid_score:18.43213
Starting 3 epoch...
Epoch 3, Step 32 - valid_score:18.49282
Epoch 3, Step 64 - valid_score:18.13007
Epoch 3, Step 96 - valid_score:18.83633
Epoch 3, Step 128 - valid_score:18.71743
Epoch 3, Step 160 - valid_score:18.50669
Epoch 3, Step 192 - valid_score:18.80592
Epoch 3, Step 224 - valid_score:18.72514
Epoch 3, Step 256 - valid_score:18.69852
Epoch 3, Step 288 - valid_score:18.48287
Epoch 3, Step 320 - valid_score:18.45617
Epoch 3, Step 352 - valid_score:18.44830
Epoch 3, Step 384 - valid_score:18.71601
Epoch 3 - avg_train_loss: 0.62150  avg_val_loss: 0.65111  time: 408s
Epoch 3 - train_score:14.86685  valid_score:18.93172
Starting 4 epoch...
Epoch 4, Step 32 - valid_score:19.20869
Epoch 4, Step 64 - valid_score:18.95210
Epoch 4, Step 96 - valid_score:18.84378
Epoch 4, Step 128 - valid_score:19.26936
Epoch 4, Step 160 - valid_score:18.81119
Epoch 4, Step 192 - valid_score:19.30234
Epoch 4, Step 224 - valid_score:18.80820
Epoch 4, Step 256 - valid_score:19.28143
Epoch 4, Step 288 - valid_score:19.06860
Epoch 4, Step 320 - valid_score:18.98890
Epoch 4, Step 352 - valid_score:19.08668
Epoch 4, Step 384 - valid_score:19.27783
Epoch 4 - avg_train_loss: 0.61317  avg_val_loss: 0.65618  time: 409s
Epoch 4 - train_score:13.57461  valid_score:19.33496
Early Stopping
========================================================================================================================
Fold 4 Training
========================================================================================================================
Starting 1 epoch...
Epoch 1, Step 32 - valid_score:17.75163
>>>>>>>> Model Improved From inf ----> 17.75163288344251
Epoch 1, Step 64 - valid_score:17.85140
Epoch 1, Step 96 - valid_score:17.77884
Epoch 1, Step 128 - valid_score:17.83517
Epoch 1, Step 160 - valid_score:17.81206
Epoch 1, Step 192 - valid_score:17.74164
>>>>>>>> Model Improved From 17.75163288344251 ----> 17.741635258662765
Epoch 1, Step 224 - valid_score:18.21906
Epoch 1, Step 256 - valid_score:17.81827
Epoch 1, Step 288 - valid_score:18.10504
Epoch 1, Step 320 - valid_score:17.90707
Epoch 1, Step 352 - valid_score:18.25616
Epoch 1, Step 384 - valid_score:17.82512
Epoch 1 - avg_train_loss: 0.63607  avg_val_loss: 0.64273  time: 428s
Epoch 1 - train_score:17.03862  valid_score:17.74300
Starting 2 epoch...
Epoch 2, Step 32 - valid_score:17.98138
Epoch 2, Step 64 - valid_score:18.01504
Epoch 2, Step 96 - valid_score:17.84861
Epoch 2, Step 128 - valid_score:17.96800
Epoch 2, Step 160 - valid_score:17.96297
Epoch 2, Step 192 - valid_score:18.10191
Epoch 2, Step 224 - valid_score:18.02007
Epoch 2, Step 256 - valid_score:17.84197
Epoch 2, Step 288 - valid_score:18.14437
Epoch 2, Step 320 - valid_score:17.89025
Epoch 2, Step 352 - valid_score:18.16889
Epoch 2, Step 384 - valid_score:18.75827
Epoch 2 - avg_train_loss: 0.62898  avg_val_loss: 0.64595  time: 417s
Epoch 2 - train_score:16.03237  valid_score:18.14514
Starting 3 epoch...
Epoch 3, Step 32 - valid_score:18.29222
Epoch 3, Step 64 - valid_score:18.18143
Epoch 3, Step 96 - valid_score:18.39941
Epoch 3, Step 128 - valid_score:18.18056
Epoch 3, Step 160 - valid_score:18.07518
Epoch 3, Step 192 - valid_score:18.35122
Epoch 3, Step 224 - valid_score:18.36682
Epoch 3, Step 256 - valid_score:18.01618
Epoch 3, Step 288 - valid_score:18.38242
Epoch 3, Step 320 - valid_score:18.74408
Epoch 3, Step 352 - valid_score:18.25719
Epoch 3, Step 384 - valid_score:18.58635
Epoch 3 - avg_train_loss: 0.62258  avg_val_loss: 0.64649  time: 417s
Epoch 3 - train_score:15.11300  valid_score:18.21781
Starting 4 epoch...
Epoch 4, Step 32 - valid_score:18.29069
Epoch 4, Step 64 - valid_score:18.90576
Epoch 4, Step 96 - valid_score:18.39244
Epoch 4, Step 128 - valid_score:18.71308
Epoch 4, Step 160 - valid_score:18.84051
Epoch 4, Step 192 - valid_score:18.71098
Epoch 4, Step 224 - valid_score:18.77291
Epoch 4, Step 256 - valid_score:18.95593
Epoch 4, Step 288 - valid_score:18.96739
Epoch 4, Step 320 - valid_score:18.92399
Epoch 4, Step 352 - valid_score:18.68346
Epoch 4, Step 384 - valid_score:19.31729
Epoch 4 - avg_train_loss: 0.61446  avg_val_loss: 0.65342  time: 417s
Epoch 4 - train_score:13.86775  valid_score:18.94319
Early Stopping
ex local test cv score 17.378651307486013
local hard test cv score 17.539410437324687
cv score 17.463569695469396
