========================================================================================================================
Fold 0 Training
========================================================================================================================
Starting 1 epoch...
Epoch 1, Step 32 - valid_score:19.76658
>>>>>>>> Model Improved From inf ----> 19.76658262702004
Epoch 1, Step 64 - valid_score:19.29094
>>>>>>>> Model Improved From 19.76658262702004 ----> 19.290936372946188
Epoch 1, Step 96 - valid_score:19.00067
>>>>>>>> Model Improved From 19.290936372946188 ----> 19.000671506914003
Epoch 1, Step 128 - valid_score:19.17259
Epoch 1, Step 160 - valid_score:18.60199
>>>>>>>> Model Improved From 19.000671506914003 ----> 18.601988440730363
Epoch 1, Step 192 - valid_score:18.85209
Epoch 1, Step 224 - valid_score:18.85352
Epoch 1, Step 256 - valid_score:18.38919
>>>>>>>> Model Improved From 18.601988440730363 ----> 18.389186329840253
Epoch 1, Step 288 - valid_score:18.22869
>>>>>>>> Model Improved From 18.389186329840253 ----> 18.22869206418975
Epoch 1, Step 320 - valid_score:18.17608
>>>>>>>> Model Improved From 18.22869206418975 ----> 18.176079623497554
Epoch 1, Step 352 - valid_score:18.14312
>>>>>>>> Model Improved From 18.176079623497554 ----> 18.14311737376625
Epoch 1, Step 384 - valid_score:18.24889
Epoch 1, Step 416 - valid_score:18.05339
>>>>>>>> Model Improved From 18.14311737376625 ----> 18.053385394123744
Epoch 1, Step 448 - valid_score:18.07265
Epoch 1, Step 480 - valid_score:17.92215
>>>>>>>> Model Improved From 18.053385394123744 ----> 17.922150374482946
Epoch 1 - avg_train_loss: 0.64907  avg_val_loss: 0.64144  time: 581s
Epoch 1 - train_score:18.74648  valid_score:17.87362
>>>>>>>> Model Improved From 17.922150374482946 ----> 17.873615892832248
Starting 2 epoch...
Epoch 2, Step 32 - valid_score:17.95550
Epoch 2, Step 64 - valid_score:18.08590
Epoch 2, Step 96 - valid_score:19.17805
Epoch 2, Step 128 - valid_score:17.93202
Epoch 2, Step 160 - valid_score:17.78478
>>>>>>>> Model Improved From 17.873615892832248 ----> 17.78477583378866
Epoch 2, Step 192 - valid_score:18.14561
Epoch 2, Step 224 - valid_score:18.04635
Epoch 2, Step 256 - valid_score:17.99426
Epoch 2, Step 288 - valid_score:18.07432
Epoch 2, Step 320 - valid_score:17.91701
Epoch 2, Step 352 - valid_score:17.90892
Epoch 2, Step 384 - valid_score:17.68554
>>>>>>>> Model Improved From 17.78477583378866 ----> 17.685537810945497
Epoch 2, Step 416 - valid_score:18.14841
Epoch 2, Step 448 - valid_score:17.87047
Epoch 2, Step 480 - valid_score:17.80753
Epoch 2 - avg_train_loss: 0.63889  avg_val_loss: 0.64127  time: 566s
Epoch 2 - train_score:17.42042  valid_score:17.85211
Starting 3 epoch...
Epoch 3, Step 32 - valid_score:17.80746
Epoch 3, Step 64 - valid_score:17.80018
Epoch 3, Step 96 - valid_score:17.81627
Epoch 3, Step 128 - valid_score:18.00028
Epoch 3, Step 160 - valid_score:17.96359
Epoch 3, Step 192 - valid_score:17.96296
Epoch 3, Step 224 - valid_score:17.80921
Epoch 3, Step 256 - valid_score:18.17929
Epoch 3, Step 288 - valid_score:17.64048
>>>>>>>> Model Improved From 17.685537810945497 ----> 17.64047711175724
Epoch 3, Step 320 - valid_score:17.72599
Epoch 3, Step 352 - valid_score:17.55578
>>>>>>>> Model Improved From 17.64047711175724 ----> 17.555782644622948
Epoch 3, Step 384 - valid_score:17.76088
Epoch 3, Step 416 - valid_score:18.14755
Epoch 3, Step 448 - valid_score:17.96500
Epoch 3, Step 480 - valid_score:17.80059
Epoch 3 - avg_train_loss: 0.63267  avg_val_loss: 0.64329  time: 566s
Epoch 3 - train_score:16.56857  valid_score:18.11713
Starting 4 epoch...
Epoch 4, Step 32 - valid_score:17.62785
Epoch 4, Step 64 - valid_score:18.23893
Epoch 4, Step 96 - valid_score:18.07078
Epoch 4, Step 128 - valid_score:17.87663
Epoch 4, Step 160 - valid_score:17.79711
Epoch 4, Step 192 - valid_score:17.89939
Epoch 4, Step 224 - valid_score:17.84746
Epoch 4, Step 256 - valid_score:18.09641
Epoch 4, Step 288 - valid_score:18.04123
Epoch 4, Step 320 - valid_score:19.46909
Epoch 4, Step 352 - valid_score:18.08446
Epoch 4, Step 384 - valid_score:17.86357
Epoch 4, Step 416 - valid_score:18.45489
Epoch 4, Step 448 - valid_score:18.17305
Epoch 4, Step 480 - valid_score:17.84567
Epoch 4 - avg_train_loss: 0.62508  avg_val_loss: 0.64337  time: 561s
Epoch 4 - train_score:15.49301  valid_score:18.05021
Early Stopping
========================================================================================================================
Fold 1 Training
========================================================================================================================
Starting 1 epoch...
Epoch 1, Step 32 - valid_score:19.51359
>>>>>>>> Model Improved From inf ----> 19.513586047940766
Epoch 1, Step 64 - valid_score:18.86720
>>>>>>>> Model Improved From 19.513586047940766 ----> 18.86719837485248
Epoch 1, Step 96 - valid_score:18.67219
>>>>>>>> Model Improved From 18.86719837485248 ----> 18.672193530566318
Epoch 1, Step 128 - valid_score:18.46729
>>>>>>>> Model Improved From 18.672193530566318 ----> 18.46729445396771
Epoch 1, Step 160 - valid_score:18.04483
>>>>>>>> Model Improved From 18.46729445396771 ----> 18.04483194159821
Epoch 1, Step 192 - valid_score:17.92607
>>>>>>>> Model Improved From 18.04483194159821 ----> 17.92606669133968
Epoch 1, Step 224 - valid_score:17.97294
Epoch 1, Step 256 - valid_score:18.04289
Epoch 1, Step 288 - valid_score:17.81983
>>>>>>>> Model Improved From 17.92606669133968 ----> 17.819828060095777
Epoch 1, Step 320 - valid_score:17.95769
Epoch 1, Step 352 - valid_score:17.94356
Epoch 1, Step 384 - valid_score:18.05813
Epoch 1, Step 416 - valid_score:17.63122
>>>>>>>> Model Improved From 17.819828060095777 ----> 17.63121687753754
Epoch 1, Step 448 - valid_score:18.75735
Epoch 1, Step 480 - valid_score:17.66483
Epoch 1 - avg_train_loss: 0.64890  avg_val_loss: 0.64277  time: 586s
Epoch 1 - train_score:18.78810  valid_score:17.78787
Starting 2 epoch...
Epoch 2, Step 32 - valid_score:18.15087
Epoch 2, Step 64 - valid_score:17.51296
>>>>>>>> Model Improved From 17.63121687753754 ----> 17.512955361719833
Epoch 2, Step 96 - valid_score:18.00438
Epoch 2, Step 128 - valid_score:17.73975
Epoch 2, Step 160 - valid_score:17.84873
Epoch 2, Step 192 - valid_score:17.54800
Epoch 2, Step 224 - valid_score:17.63705
Epoch 2, Step 256 - valid_score:18.18056
Epoch 2, Step 288 - valid_score:18.42528
Epoch 2, Step 320 - valid_score:17.80742
Epoch 2, Step 352 - valid_score:17.82521
Epoch 2, Step 384 - valid_score:17.80263
Epoch 2, Step 416 - valid_score:17.34002
>>>>>>>> Model Improved From 17.512955361719833 ----> 17.340024037631796
Epoch 2, Step 448 - valid_score:17.75603
Epoch 2, Step 480 - valid_score:17.69375
Epoch 2 - avg_train_loss: 0.63899  avg_val_loss: 0.64695  time: 570s
Epoch 2 - train_score:17.50588  valid_score:18.34047
Starting 3 epoch...
Epoch 3, Step 32 - valid_score:17.37219
Epoch 3, Step 64 - valid_score:17.54920
Epoch 3, Step 96 - valid_score:17.63277
Epoch 3, Step 128 - valid_score:17.53331
Epoch 3, Step 160 - valid_score:17.97532
Epoch 3, Step 192 - valid_score:17.63159
Epoch 3, Step 224 - valid_score:17.52917
Epoch 3, Step 256 - valid_score:17.70920
Epoch 3, Step 288 - valid_score:17.69943
Epoch 3, Step 320 - valid_score:17.89340
Epoch 3, Step 352 - valid_score:18.10902
Epoch 3, Step 384 - valid_score:17.65659
Epoch 3, Step 416 - valid_score:18.21220
Epoch 3, Step 448 - valid_score:17.56927
Epoch 3, Step 480 - valid_score:17.89511
Epoch 3 - avg_train_loss: 0.63212  avg_val_loss: 0.64281  time: 561s
Epoch 3 - train_score:16.55314  valid_score:17.75919
Starting 4 epoch...
Epoch 4, Step 32 - valid_score:17.80178
Epoch 4, Step 64 - valid_score:17.61182
Epoch 4, Step 96 - valid_score:17.63032
Epoch 4, Step 128 - valid_score:17.98442
Epoch 4, Step 160 - valid_score:18.09492
Epoch 4, Step 192 - valid_score:17.76305
Epoch 4, Step 224 - valid_score:18.01678
Epoch 4, Step 256 - valid_score:17.87546
Epoch 4, Step 288 - valid_score:18.05098
Epoch 4, Step 320 - valid_score:17.63439
Epoch 4, Step 352 - valid_score:18.13584
Epoch 4, Step 384 - valid_score:18.16160
Epoch 4, Step 416 - valid_score:17.71141
Epoch 4, Step 448 - valid_score:17.65213
Epoch 4, Step 480 - valid_score:17.85421
Epoch 4 - avg_train_loss: 0.62463  avg_val_loss: 0.64297  time: 562s
Epoch 4 - train_score:15.49392  valid_score:17.75089
Early Stopping
========================================================================================================================
Fold 2 Training
========================================================================================================================
Starting 1 epoch...
Epoch 1, Step 32 - valid_score:19.50733
>>>>>>>> Model Improved From inf ----> 19.507330090682245
Epoch 1, Step 64 - valid_score:19.15669
>>>>>>>> Model Improved From 19.507330090682245 ----> 19.156687084177783
Epoch 1, Step 96 - valid_score:18.82322
>>>>>>>> Model Improved From 19.156687084177783 ----> 18.82321693415889
Epoch 1, Step 128 - valid_score:18.87179
Epoch 1, Step 160 - valid_score:18.46156
>>>>>>>> Model Improved From 18.82321693415889 ----> 18.461562373950276
Epoch 1, Step 192 - valid_score:18.42160
>>>>>>>> Model Improved From 18.461562373950276 ----> 18.42160035904719
Epoch 1, Step 224 - valid_score:18.65851
Epoch 1, Step 256 - valid_score:18.20162
>>>>>>>> Model Improved From 18.42160035904719 ----> 18.201622022492977
Epoch 1, Step 288 - valid_score:18.02712
>>>>>>>> Model Improved From 18.201622022492977 ----> 18.02712447294992
Epoch 1, Step 320 - valid_score:17.96729
>>>>>>>> Model Improved From 18.02712447294992 ----> 17.96729192957704
Epoch 1, Step 352 - valid_score:18.24744
Epoch 1, Step 384 - valid_score:18.13843
Epoch 1, Step 416 - valid_score:18.07271
Epoch 1, Step 448 - valid_score:18.04329
Epoch 1, Step 480 - valid_score:17.92602
>>>>>>>> Model Improved From 17.96729192957704 ----> 17.926018174307476
Epoch 1 - avg_train_loss: 0.64908  avg_val_loss: 0.64117  time: 590s
Epoch 1 - train_score:18.77511  valid_score:17.73973
>>>>>>>> Model Improved From 17.926018174307476 ----> 17.73972836767445
Starting 2 epoch...
Epoch 2, Step 32 - valid_score:17.66954
>>>>>>>> Model Improved From 17.73972836767445 ----> 17.669540955054188
Epoch 2, Step 64 - valid_score:18.06392
Epoch 2, Step 96 - valid_score:17.82032
Epoch 2, Step 128 - valid_score:17.72812
Epoch 2, Step 160 - valid_score:17.88815
Epoch 2, Step 192 - valid_score:18.04233
Epoch 2, Step 224 - valid_score:17.89371
Epoch 2, Step 256 - valid_score:17.91272
Epoch 2, Step 288 - valid_score:17.66680
>>>>>>>> Model Improved From 17.669540955054188 ----> 17.66680437531828
Epoch 2, Step 320 - valid_score:17.61851
>>>>>>>> Model Improved From 17.66680437531828 ----> 17.618506441316587
Epoch 2, Step 352 - valid_score:17.86451
Epoch 2, Step 384 - valid_score:17.76022
Epoch 2, Step 416 - valid_score:17.74725
Epoch 2, Step 448 - valid_score:17.66214
Epoch 2, Step 480 - valid_score:17.71725
Epoch 2 - avg_train_loss: 0.63932  avg_val_loss: 0.64113  time: 570s
Epoch 2 - train_score:17.50586  valid_score:17.73321
Starting 3 epoch...
Epoch 3, Step 32 - valid_score:17.65464
Epoch 3, Step 64 - valid_score:17.84399
Epoch 3, Step 96 - valid_score:17.47813
>>>>>>>> Model Improved From 17.618506441316587 ----> 17.47813394869323
Epoch 3, Step 128 - valid_score:17.72025
Epoch 3, Step 160 - valid_score:17.55779
Epoch 3, Step 192 - valid_score:17.76192
Epoch 3, Step 224 - valid_score:18.13423
Epoch 3, Step 256 - valid_score:17.61851
Epoch 3, Step 288 - valid_score:17.69853
Epoch 3, Step 320 - valid_score:17.63611
Epoch 3, Step 352 - valid_score:18.14269
Epoch 3, Step 384 - valid_score:18.41336
Epoch 3, Step 416 - valid_score:17.97431
Epoch 3, Step 448 - valid_score:17.52746
Epoch 3, Step 480 - valid_score:17.66658
Epoch 3 - avg_train_loss: 0.63222  avg_val_loss: 0.63934  time: 567s
Epoch 3 - train_score:16.53312  valid_score:17.45326
>>>>>>>> Model Improved From 17.47813394869323 ----> 17.453255203822103
Starting 4 epoch...
Epoch 4, Step 32 - valid_score:17.67093
Epoch 4, Step 64 - valid_score:17.58329
Epoch 4, Step 96 - valid_score:17.58297
Epoch 4, Step 128 - valid_score:17.65216
Epoch 4, Step 160 - valid_score:18.13954
Epoch 4, Step 192 - valid_score:18.13903
Epoch 4, Step 224 - valid_score:17.76805
Epoch 4, Step 256 - valid_score:17.77963
Epoch 4, Step 288 - valid_score:17.75640
Epoch 4, Step 320 - valid_score:17.89279
Epoch 4, Step 352 - valid_score:17.78984
Epoch 4, Step 384 - valid_score:18.41361
Epoch 4, Step 416 - valid_score:18.13155
Epoch 4, Step 448 - valid_score:17.54529
Epoch 4, Step 480 - valid_score:17.68700
Epoch 4 - avg_train_loss: 0.62575  avg_val_loss: 0.64283  time: 562s
Epoch 4 - train_score:15.61863  valid_score:17.92623
Starting 5 epoch...
Epoch 5, Step 32 - valid_score:17.87851
Epoch 5, Step 64 - valid_score:17.72482
Epoch 5, Step 96 - valid_score:18.02789
Epoch 5, Step 128 - valid_score:18.03105
Epoch 5, Step 160 - valid_score:18.07213
Epoch 5, Step 192 - valid_score:17.99093
Epoch 5, Step 224 - valid_score:17.92919
Epoch 5, Step 256 - valid_score:17.97476
Epoch 5, Step 288 - valid_score:18.12630
Epoch 5, Step 320 - valid_score:18.29227
Epoch 5, Step 352 - valid_score:18.11941
Epoch 5, Step 384 - valid_score:17.92749
Epoch 5, Step 416 - valid_score:18.35435
Epoch 5, Step 448 - valid_score:18.21329
Epoch 5, Step 480 - valid_score:18.41271
Epoch 5 - avg_train_loss: 0.61784  avg_val_loss: 0.64416  time: 562s
Epoch 5 - train_score:14.42362  valid_score:18.05998
Starting 6 epoch...
Epoch 6, Step 32 - valid_score:18.65235
Epoch 6, Step 64 - valid_score:18.41241
Epoch 6, Step 96 - valid_score:18.41622
Epoch 6, Step 128 - valid_score:18.62847
Epoch 6, Step 160 - valid_score:18.17335
Epoch 6, Step 192 - valid_score:18.07793
Epoch 6, Step 224 - valid_score:18.22422
Epoch 6, Step 256 - valid_score:18.31896
Epoch 6, Step 288 - valid_score:18.01325
Epoch 6, Step 320 - valid_score:18.44824
Epoch 6, Step 352 - valid_score:18.59066
Epoch 6, Step 384 - valid_score:18.40605
Epoch 6, Step 416 - valid_score:18.43206
Epoch 6, Step 448 - valid_score:18.64094
Epoch 6, Step 480 - valid_score:18.21705
Epoch 6 - avg_train_loss: 0.61073  avg_val_loss: 0.64676  time: 563s
Epoch 6 - train_score:13.31647  valid_score:18.35736
Early Stopping
========================================================================================================================
Fold 3 Training
========================================================================================================================
Starting 1 epoch...
Epoch 1, Step 32 - valid_score:19.59476
>>>>>>>> Model Improved From inf ----> 19.594756877472037
Epoch 1, Step 64 - valid_score:19.15517
>>>>>>>> Model Improved From 19.594756877472037 ----> 19.155167509582352
Epoch 1, Step 96 - valid_score:18.92579
>>>>>>>> Model Improved From 19.155167509582352 ----> 18.925793073329412
Epoch 1, Step 128 - valid_score:18.77709
>>>>>>>> Model Improved From 18.925793073329412 ----> 18.777086991489565
Epoch 1, Step 160 - valid_score:18.59138
>>>>>>>> Model Improved From 18.777086991489565 ----> 18.591378452184895
Epoch 1, Step 192 - valid_score:18.72358
Epoch 1, Step 224 - valid_score:18.62015
Epoch 1, Step 256 - valid_score:18.68691
Epoch 1, Step 288 - valid_score:18.51152
>>>>>>>> Model Improved From 18.591378452184895 ----> 18.51151711388931
Epoch 1, Step 320 - valid_score:18.38889
>>>>>>>> Model Improved From 18.51151711388931 ----> 18.38888881275004
Epoch 1, Step 352 - valid_score:18.52014
Epoch 1, Step 384 - valid_score:18.34784
>>>>>>>> Model Improved From 18.38888881275004 ----> 18.347842613321983
Epoch 1, Step 416 - valid_score:18.35203
Epoch 1, Step 448 - valid_score:17.96868
>>>>>>>> Model Improved From 18.347842613321983 ----> 17.96868321560776
Epoch 1, Step 480 - valid_score:18.05183
Epoch 1 - avg_train_loss: 0.64783  avg_val_loss: 0.64321  time: 589s
Epoch 1 - train_score:18.60601  valid_score:18.03785
Starting 2 epoch...
Epoch 2, Step 32 - valid_score:18.07254
Epoch 2, Step 64 - valid_score:18.31166
Epoch 2, Step 96 - valid_score:18.23073
Epoch 2, Step 128 - valid_score:18.36152
Epoch 2, Step 160 - valid_score:18.09688
Epoch 2, Step 192 - valid_score:18.22924
Epoch 2, Step 224 - valid_score:18.28147
Epoch 2, Step 256 - valid_score:18.00157
Epoch 2, Step 288 - valid_score:18.12632
Epoch 2, Step 320 - valid_score:18.55821
Epoch 2, Step 352 - valid_score:18.28515
Epoch 2, Step 384 - valid_score:18.12284
Epoch 2, Step 416 - valid_score:18.51082
Epoch 2, Step 448 - valid_score:18.24003
Epoch 2, Step 480 - valid_score:18.13988
Epoch 2 - avg_train_loss: 0.63749  avg_val_loss: 0.64392  time: 564s
Epoch 2 - train_score:17.25512  valid_score:18.11745
Starting 3 epoch...
Epoch 3, Step 32 - valid_score:18.19702
Epoch 3, Step 64 - valid_score:18.20557
Epoch 3, Step 96 - valid_score:18.18276
Epoch 3, Step 128 - valid_score:18.38368
Epoch 3, Step 160 - valid_score:18.48787
Epoch 3, Step 192 - valid_score:18.25891
Epoch 3, Step 224 - valid_score:18.28972
Epoch 3, Step 256 - valid_score:19.08013
Epoch 3, Step 288 - valid_score:18.33896
Epoch 3, Step 320 - valid_score:18.43385
Epoch 3, Step 352 - valid_score:18.23399
Epoch 3, Step 384 - valid_score:18.36446
Epoch 3, Step 416 - valid_score:18.28598
Epoch 3, Step 448 - valid_score:18.12964
Epoch 3, Step 480 - valid_score:18.20758
Epoch 3 - avg_train_loss: 0.62991  avg_val_loss: 0.64449  time: 562s
Epoch 3 - train_score:16.19931  valid_score:18.16503
Starting 4 epoch...
Epoch 4, Step 32 - valid_score:18.40409
Epoch 4, Step 64 - valid_score:18.35363
Epoch 4, Step 96 - valid_score:18.72734
Epoch 4, Step 128 - valid_score:18.60208
Epoch 4, Step 160 - valid_score:18.52556
Epoch 4, Step 192 - valid_score:18.51960
Epoch 4, Step 224 - valid_score:18.30394
Epoch 4, Step 256 - valid_score:18.56070
Epoch 4, Step 288 - valid_score:18.61393
Epoch 4, Step 320 - valid_score:18.53885
Epoch 4, Step 352 - valid_score:18.88932
Epoch 4, Step 384 - valid_score:18.46686
Epoch 4, Step 416 - valid_score:18.74044
Epoch 4, Step 448 - valid_score:18.61109
Epoch 4, Step 480 - valid_score:18.38437
Epoch 4 - avg_train_loss: 0.62424  avg_val_loss: 0.64712  time: 562s
Epoch 4 - train_score:15.39286  valid_score:18.50646
Early Stopping
========================================================================================================================
Fold 4 Training
========================================================================================================================
Starting 1 epoch...
Epoch 1, Step 32 - valid_score:20.01429
>>>>>>>> Model Improved From inf ----> 20.014289529291997
Epoch 1, Step 64 - valid_score:19.26740
>>>>>>>> Model Improved From 20.014289529291997 ----> 19.267400831394788
Epoch 1, Step 96 - valid_score:18.98701
>>>>>>>> Model Improved From 19.267400831394788 ----> 18.987006352882105
Epoch 1, Step 128 - valid_score:19.00596
Epoch 1, Step 160 - valid_score:18.89765
>>>>>>>> Model Improved From 18.987006352882105 ----> 18.897645170006648
Epoch 1, Step 192 - valid_score:18.91956
Epoch 1, Step 224 - valid_score:18.65452
>>>>>>>> Model Improved From 18.897645170006648 ----> 18.65452105687519
Epoch 1, Step 256 - valid_score:18.57786
>>>>>>>> Model Improved From 18.65452105687519 ----> 18.57785616867744
Epoch 1, Step 288 - valid_score:18.59471
Epoch 1, Step 320 - valid_score:18.52108
>>>>>>>> Model Improved From 18.57785616867744 ----> 18.521080226268122
Epoch 1, Step 352 - valid_score:18.45912
>>>>>>>> Model Improved From 18.521080226268122 ----> 18.459116362208956
Epoch 1, Step 384 - valid_score:18.29184
>>>>>>>> Model Improved From 18.459116362208956 ----> 18.291835956382922
Epoch 1, Step 416 - valid_score:18.12323
>>>>>>>> Model Improved From 18.291835956382922 ----> 18.123229311704794
Epoch 1, Step 448 - valid_score:18.75853
Epoch 1, Step 480 - valid_score:18.30721
Epoch 1 - avg_train_loss: 0.64820  avg_val_loss: 0.64549  time: 593s
Epoch 1 - train_score:18.64905  valid_score:18.34845
Starting 2 epoch...
Epoch 2, Step 32 - valid_score:18.27568
Epoch 2, Step 64 - valid_score:18.54824
Epoch 2, Step 96 - valid_score:18.51804
Epoch 2, Step 128 - valid_score:18.29700
Epoch 2, Step 160 - valid_score:18.33922
Epoch 2, Step 192 - valid_score:18.52144
Epoch 2, Step 224 - valid_score:18.38859
Epoch 2, Step 256 - valid_score:18.74167
Epoch 2, Step 288 - valid_score:18.12533
Epoch 2, Step 320 - valid_score:18.53407
Epoch 2, Step 352 - valid_score:18.11811
>>>>>>>> Model Improved From 18.123229311704794 ----> 18.11810800699557
Epoch 2, Step 384 - valid_score:18.42867
Epoch 2, Step 416 - valid_score:18.24161
Epoch 2, Step 448 - valid_score:18.16915
Epoch 2, Step 480 - valid_score:18.13241
Epoch 2 - avg_train_loss: 0.63759  avg_val_loss: 0.64406  time: 564s
Epoch 2 - train_score:17.25134  valid_score:18.16467
Starting 3 epoch...
Epoch 3, Step 32 - valid_score:18.13710
Epoch 3, Step 64 - valid_score:18.62974
Epoch 3, Step 96 - valid_score:18.08733
>>>>>>>> Model Improved From 18.11810800699557 ----> 18.087331081445477
Epoch 3, Step 128 - valid_score:18.14890
Epoch 3, Step 160 - valid_score:18.21207
Epoch 3, Step 192 - valid_score:18.25691
Epoch 3, Step 224 - valid_score:18.23121
Epoch 3, Step 256 - valid_score:18.42504
Epoch 3, Step 288 - valid_score:18.34646
Epoch 3, Step 320 - valid_score:18.62863
Epoch 3, Step 352 - valid_score:18.19040
Epoch 3, Step 384 - valid_score:18.16579
Epoch 3, Step 416 - valid_score:18.33117
Epoch 3, Step 448 - valid_score:18.34586
Epoch 3, Step 480 - valid_score:18.29978
Epoch 3 - avg_train_loss: 0.63125  avg_val_loss: 0.64572  time: 567s
Epoch 3 - train_score:16.37854  valid_score:18.41954
Starting 4 epoch...
Epoch 4, Step 32 - valid_score:18.48708
Epoch 4, Step 64 - valid_score:18.35333
Epoch 4, Step 96 - valid_score:18.53612
Epoch 4, Step 128 - valid_score:18.29959
Epoch 4, Step 160 - valid_score:18.32282
Epoch 4, Step 192 - valid_score:18.33039
Epoch 4, Step 224 - valid_score:18.43398
Epoch 4, Step 256 - valid_score:18.55298
Epoch 4, Step 288 - valid_score:18.42502
Epoch 4, Step 320 - valid_score:18.52747
Epoch 4, Step 352 - valid_score:18.85031
Epoch 4, Step 384 - valid_score:18.25192
Epoch 4, Step 416 - valid_score:18.51550
Epoch 4, Step 448 - valid_score:18.21122
Epoch 4, Step 480 - valid_score:18.75014
Epoch 4 - avg_train_loss: 0.62424  avg_val_loss: 0.64669  time: 563s
Epoch 4 - train_score:15.37154  valid_score:18.48816
Early Stopping
cv score 17.806958374016233
