========================================================================================================================
Fold 0 Training
========================================================================================================================
Starting 1 epoch...
Epoch 1, Step 32 - valid_score:19.90949
>>>>>>>> Model Improved From inf ----> 19.909492773761198
Epoch 1, Step 64 - valid_score:19.26037
>>>>>>>> Model Improved From 19.909492773761198 ----> 19.260366947288183
Epoch 1, Step 96 - valid_score:19.15654
>>>>>>>> Model Improved From 19.260366947288183 ----> 19.156544935730516
Epoch 1, Step 128 - valid_score:18.84312
>>>>>>>> Model Improved From 19.156544935730516 ----> 18.843123282620795
Epoch 1, Step 160 - valid_score:18.86395
Epoch 1, Step 192 - valid_score:18.52298
>>>>>>>> Model Improved From 18.843123282620795 ----> 18.522981474178177
Epoch 1, Step 224 - valid_score:18.77312
Epoch 1, Step 256 - valid_score:18.34079
>>>>>>>> Model Improved From 18.522981474178177 ----> 18.34078913187908
Epoch 1, Step 288 - valid_score:18.33131
>>>>>>>> Model Improved From 18.34078913187908 ----> 18.33130704091661
Epoch 1, Step 320 - valid_score:18.46043
Epoch 1, Step 352 - valid_score:18.97969
Epoch 1, Step 384 - valid_score:19.01977
Epoch 1, Step 416 - valid_score:18.61282
Epoch 1, Step 448 - valid_score:18.42977
Epoch 1, Step 480 - valid_score:18.88898
Epoch 1, Step 512 - valid_score:18.42627
Epoch 1, Step 544 - valid_score:18.68391
Epoch 1, Step 576 - valid_score:18.14570
>>>>>>>> Model Improved From 18.33130704091661 ----> 18.1456989810945
Epoch 1, Step 608 - valid_score:17.94812
>>>>>>>> Model Improved From 18.1456989810945 ----> 17.948116029615544
Epoch 1, Step 640 - valid_score:18.07366
Epoch 1 - avg_train_loss: 0.65143  avg_val_loss: 0.64410  time: 1018s
Epoch 1 - train_score:19.03368  valid_score:18.23248
Starting 2 epoch...
Epoch 2, Step 32 - valid_score:17.95382
Epoch 2, Step 64 - valid_score:18.09375
Epoch 2, Step 96 - valid_score:18.00385
Epoch 2, Step 128 - valid_score:18.59031
Epoch 2, Step 160 - valid_score:17.85289
>>>>>>>> Model Improved From 17.948116029615544 ----> 17.852893420411718
Epoch 2, Step 192 - valid_score:18.74212
Epoch 2, Step 224 - valid_score:18.12685
Epoch 2, Step 256 - valid_score:18.18429
Epoch 2, Step 288 - valid_score:18.40367
Epoch 2, Step 320 - valid_score:18.11428
Epoch 2, Step 352 - valid_score:18.41161
Epoch 2, Step 384 - valid_score:18.77239
Epoch 2, Step 416 - valid_score:18.15579
Epoch 2, Step 448 - valid_score:18.08249
Epoch 2, Step 480 - valid_score:17.99263
Epoch 2, Step 512 - valid_score:17.88486
Epoch 2, Step 544 - valid_score:18.16873
Epoch 2, Step 576 - valid_score:18.26185
Epoch 2, Step 608 - valid_score:18.13399
Epoch 2, Step 640 - valid_score:18.90124
Epoch 2 - avg_train_loss: 0.63815  avg_val_loss: 0.64587  time: 1022s
Epoch 2 - train_score:17.31968  valid_score:18.45175
Starting 3 epoch...
Epoch 3, Step 32 - valid_score:19.03684
Epoch 3, Step 64 - valid_score:18.33286
Epoch 3, Step 96 - valid_score:18.11153
Epoch 3, Step 128 - valid_score:19.46927
Epoch 3, Step 160 - valid_score:18.07049
Epoch 3, Step 192 - valid_score:18.14898
Epoch 3, Step 224 - valid_score:18.00530
Epoch 3, Step 256 - valid_score:18.31056
Epoch 3, Step 288 - valid_score:18.11523
Epoch 3, Step 320 - valid_score:17.92425
Epoch 3, Step 352 - valid_score:17.97514
Epoch 3, Step 384 - valid_score:18.72704
Epoch 3, Step 416 - valid_score:19.15068
Epoch 3, Step 448 - valid_score:18.87663
Epoch 3, Step 480 - valid_score:18.35666
Epoch 3, Step 512 - valid_score:18.05254
Epoch 3, Step 544 - valid_score:18.18998
Epoch 3, Step 576 - valid_score:18.38688
Epoch 3, Step 608 - valid_score:18.44988
Epoch 3, Step 640 - valid_score:18.12862
Epoch 3 - avg_train_loss: 0.62835  avg_val_loss: 0.64581  time: 1019s
Epoch 3 - train_score:15.96252  valid_score:18.39784
Starting 4 epoch...
Epoch 4, Step 32 - valid_score:18.40335
Epoch 4, Step 64 - valid_score:18.29922
Epoch 4, Step 96 - valid_score:18.38294
Epoch 4, Step 128 - valid_score:18.43715
Epoch 4, Step 160 - valid_score:18.31172
Epoch 4, Step 192 - valid_score:18.43866
Epoch 4, Step 224 - valid_score:18.34093
Epoch 4, Step 256 - valid_score:18.72049
Epoch 4, Step 288 - valid_score:18.24172
Epoch 4, Step 320 - valid_score:18.36164
Epoch 4, Step 352 - valid_score:18.76275
Epoch 4, Step 384 - valid_score:18.59176
Epoch 4, Step 416 - valid_score:18.44211
Epoch 4, Step 448 - valid_score:18.82426
Epoch 4, Step 480 - valid_score:18.43090
Epoch 4, Step 512 - valid_score:18.67066
Epoch 4, Step 544 - valid_score:18.64751
Epoch 4, Step 576 - valid_score:18.61914
Epoch 4, Step 608 - valid_score:18.81782
Epoch 4, Step 640 - valid_score:18.45313
Epoch 4 - avg_train_loss: 0.61430  avg_val_loss: 0.64551  time: 1020s
Epoch 4 - train_score:13.87844  valid_score:18.34308
Early Stopping
========================================================================================================================
Fold 1 Training
========================================================================================================================
Starting 1 epoch...
Epoch 1, Step 32 - valid_score:19.47796
>>>>>>>> Model Improved From inf ----> 19.477957931335897
Epoch 1, Step 64 - valid_score:18.76797
>>>>>>>> Model Improved From 19.477957931335897 ----> 18.76796625555672
Epoch 1, Step 96 - valid_score:18.43736
>>>>>>>> Model Improved From 18.76796625555672 ----> 18.437358854010448
Epoch 1, Step 128 - valid_score:18.67711
Epoch 1, Step 160 - valid_score:19.24942
Epoch 1, Step 192 - valid_score:18.40038
>>>>>>>> Model Improved From 18.437358854010448 ----> 18.40037549490943
Epoch 1, Step 224 - valid_score:18.04136
>>>>>>>> Model Improved From 18.40037549490943 ----> 18.041363629463685
Epoch 1, Step 256 - valid_score:18.27049
Epoch 1, Step 288 - valid_score:18.32875
Epoch 1, Step 320 - valid_score:18.60946
Epoch 1, Step 352 - valid_score:18.40333
Epoch 1, Step 384 - valid_score:18.05251
Epoch 1, Step 416 - valid_score:18.05866
Epoch 1, Step 448 - valid_score:18.22893
Epoch 1, Step 480 - valid_score:18.31547
Epoch 1, Step 512 - valid_score:18.08270
Epoch 1, Step 544 - valid_score:18.08342
Epoch 1, Step 576 - valid_score:17.97892
>>>>>>>> Model Improved From 18.041363629463685 ----> 17.978919673886505
Epoch 1, Step 608 - valid_score:17.98909
Epoch 1, Step 640 - valid_score:18.02927
Epoch 1 - avg_train_loss: 0.64910  avg_val_loss: 0.64421  time: 1025s
Epoch 1 - train_score:18.80261  valid_score:17.98655
Starting 2 epoch...
Epoch 2, Step 32 - valid_score:18.02297
Epoch 2, Step 64 - valid_score:18.18851
Epoch 2, Step 96 - valid_score:17.92662
>>>>>>>> Model Improved From 17.978919673886505 ----> 17.92662003364038
Epoch 2, Step 128 - valid_score:17.81824
>>>>>>>> Model Improved From 17.92662003364038 ----> 17.818238935062496
Epoch 2, Step 160 - valid_score:17.98186
Epoch 2, Step 192 - valid_score:17.98558
Epoch 2, Step 224 - valid_score:18.03322
Epoch 2, Step 256 - valid_score:17.95020
Epoch 2, Step 288 - valid_score:18.02412
Epoch 2, Step 320 - valid_score:18.31992
Epoch 2, Step 352 - valid_score:17.66211
>>>>>>>> Model Improved From 17.818238935062496 ----> 17.66211240798153
Epoch 2, Step 384 - valid_score:19.03675
Epoch 2, Step 416 - valid_score:18.33153
Epoch 2, Step 448 - valid_score:17.82563
Epoch 2, Step 480 - valid_score:17.86811
Epoch 2, Step 512 - valid_score:17.84752
Epoch 2, Step 544 - valid_score:18.36552
Epoch 2, Step 576 - valid_score:17.82894
Epoch 2, Step 608 - valid_score:17.96596
Epoch 2, Step 640 - valid_score:17.86024
Epoch 2 - avg_train_loss: 0.63815  avg_val_loss: 0.64186  time: 1020s
Epoch 2 - train_score:17.38688  valid_score:17.66414
Starting 3 epoch...
Epoch 3, Step 32 - valid_score:18.10749
Epoch 3, Step 64 - valid_score:18.26205
Epoch 3, Step 96 - valid_score:18.39174
Epoch 3, Step 128 - valid_score:18.13493
Epoch 3, Step 160 - valid_score:17.97007
Epoch 3, Step 192 - valid_score:17.98739
Epoch 3, Step 224 - valid_score:18.02837
Epoch 3, Step 256 - valid_score:18.08230
Epoch 3, Step 288 - valid_score:17.69690
Epoch 3, Step 320 - valid_score:18.05742
Epoch 3, Step 352 - valid_score:18.14836
Epoch 3, Step 384 - valid_score:19.34752
Epoch 3, Step 416 - valid_score:18.27698
Epoch 3, Step 448 - valid_score:18.65667
Epoch 3, Step 480 - valid_score:18.22184
Epoch 3, Step 512 - valid_score:18.15175
Epoch 3, Step 544 - valid_score:18.17152
Epoch 3, Step 576 - valid_score:17.78227
Epoch 3, Step 608 - valid_score:18.15150
Epoch 3, Step 640 - valid_score:18.03321
Epoch 3 - avg_train_loss: 0.62668  avg_val_loss: 0.65534  time: 1020s
Epoch 3 - train_score:15.81132  valid_score:19.15930
Starting 4 epoch...
Epoch 4, Step 32 - valid_score:18.47017
Epoch 4, Step 64 - valid_score:18.71719
Epoch 4, Step 96 - valid_score:18.58178
Epoch 4, Step 128 - valid_score:18.58099
Epoch 4, Step 160 - valid_score:18.26207
Epoch 4, Step 192 - valid_score:18.43777
Epoch 4, Step 224 - valid_score:18.50901
Epoch 4, Step 256 - valid_score:19.41245
Epoch 4, Step 288 - valid_score:18.38363
Epoch 4, Step 320 - valid_score:18.60363
Epoch 4, Step 352 - valid_score:18.22455
Epoch 4, Step 384 - valid_score:18.24108
Epoch 4, Step 416 - valid_score:18.34239
Epoch 4, Step 448 - valid_score:18.21486
Epoch 4, Step 480 - valid_score:18.52665
Epoch 4, Step 512 - valid_score:18.21376
Epoch 4, Step 544 - valid_score:18.53497
Epoch 4, Step 576 - valid_score:18.31411
Epoch 4, Step 608 - valid_score:19.27879
Epoch 4, Step 640 - valid_score:18.47398
Epoch 4 - avg_train_loss: 0.61372  avg_val_loss: 0.64907  time: 1019s
Epoch 4 - train_score:13.84555  valid_score:18.57024
Early Stopping
========================================================================================================================
Fold 2 Training
========================================================================================================================
Starting 1 epoch...
Epoch 1, Step 32 - valid_score:20.41403
>>>>>>>> Model Improved From inf ----> 20.41402859716065
Epoch 1, Step 64 - valid_score:19.71343
>>>>>>>> Model Improved From 20.41402859716065 ----> 19.713429542264727
Epoch 1, Step 96 - valid_score:19.32045
>>>>>>>> Model Improved From 19.713429542264727 ----> 19.320452300014534
Epoch 1, Step 128 - valid_score:18.88794
>>>>>>>> Model Improved From 19.320452300014534 ----> 18.88793577055369
Epoch 1, Step 160 - valid_score:19.13380
Epoch 1, Step 192 - valid_score:18.79639
>>>>>>>> Model Improved From 18.88793577055369 ----> 18.796388724726622
Epoch 1, Step 224 - valid_score:18.82611
Epoch 1, Step 256 - valid_score:18.57098
>>>>>>>> Model Improved From 18.796388724726622 ----> 18.570981805068058
Epoch 1, Step 288 - valid_score:18.49074
>>>>>>>> Model Improved From 18.570981805068058 ----> 18.490739082896944
Epoch 1, Step 320 - valid_score:18.27520
>>>>>>>> Model Improved From 18.490739082896944 ----> 18.27520240367863
Epoch 1, Step 352 - valid_score:18.62812
Epoch 1, Step 384 - valid_score:18.35645
Epoch 1, Step 416 - valid_score:18.61083
Epoch 1, Step 448 - valid_score:18.19581
>>>>>>>> Model Improved From 18.27520240367863 ----> 18.195813458392536
Epoch 1, Step 480 - valid_score:18.14841
>>>>>>>> Model Improved From 18.195813458392536 ----> 18.148411215330764
Epoch 1, Step 512 - valid_score:18.65584
Epoch 1, Step 544 - valid_score:18.33162
Epoch 1, Step 576 - valid_score:18.27785
Epoch 1, Step 608 - valid_score:18.02995
>>>>>>>> Model Improved From 18.148411215330764 ----> 18.02995188433635
Epoch 1, Step 640 - valid_score:18.58071
Epoch 1 - avg_train_loss: 0.65047  avg_val_loss: 0.64466  time: 1029s
Epoch 1 - train_score:18.94039  valid_score:18.19952
Starting 2 epoch...
Epoch 2, Step 32 - valid_score:18.00765
>>>>>>>> Model Improved From 18.02995188433635 ----> 18.007654923244566
Epoch 2, Step 64 - valid_score:18.12030
Epoch 2, Step 96 - valid_score:18.59066
Epoch 2, Step 128 - valid_score:18.13273
Epoch 2, Step 160 - valid_score:18.09743
Epoch 2, Step 192 - valid_score:18.24340
Epoch 2, Step 224 - valid_score:18.20170
Epoch 2, Step 256 - valid_score:18.31790
Epoch 2, Step 288 - valid_score:18.06509
Epoch 2, Step 320 - valid_score:17.92833
>>>>>>>> Model Improved From 18.007654923244566 ----> 17.92833332529843
Epoch 2, Step 352 - valid_score:18.14042
Epoch 2, Step 384 - valid_score:18.19021
Epoch 2, Step 416 - valid_score:18.18205
Epoch 2, Step 448 - valid_score:18.03174
Epoch 2, Step 480 - valid_score:18.28236
Epoch 2, Step 512 - valid_score:17.97782
Epoch 2, Step 544 - valid_score:18.05538
Epoch 2, Step 576 - valid_score:17.95676
Epoch 2, Step 608 - valid_score:18.41009
Epoch 2, Step 640 - valid_score:18.51409
Epoch 2 - avg_train_loss: 0.63868  avg_val_loss: 0.64669  time: 1021s
Epoch 2 - train_score:17.41881  valid_score:18.47337
Starting 3 epoch...
Epoch 3, Step 32 - valid_score:17.93355
Epoch 3, Step 64 - valid_score:18.02273
Epoch 3, Step 96 - valid_score:18.21467
Epoch 3, Step 128 - valid_score:18.37512
Epoch 3, Step 160 - valid_score:18.32603
Epoch 3, Step 192 - valid_score:18.52262
Epoch 3, Step 224 - valid_score:18.62153
Epoch 3, Step 256 - valid_score:17.89048
>>>>>>>> Model Improved From 17.92833332529843 ----> 17.89047904650634
Epoch 3, Step 288 - valid_score:18.26269
Epoch 3, Step 320 - valid_score:18.08361
Epoch 3, Step 352 - valid_score:18.66651
Epoch 3, Step 384 - valid_score:18.36151
Epoch 3, Step 416 - valid_score:18.32266
Epoch 3, Step 448 - valid_score:18.45863
Epoch 3, Step 480 - valid_score:18.57399
Epoch 3, Step 512 - valid_score:18.21897
Epoch 3, Step 544 - valid_score:18.78408
Epoch 3, Step 576 - valid_score:18.23229
Epoch 3, Step 608 - valid_score:18.39488
Epoch 3, Step 640 - valid_score:18.18794
Epoch 3 - avg_train_loss: 0.62872  avg_val_loss: 0.64472  time: 1021s
Epoch 3 - train_score:16.05266  valid_score:18.15824
Starting 4 epoch...
Epoch 4, Step 32 - valid_score:18.83782
Epoch 4, Step 64 - valid_score:18.57071
Epoch 4, Step 96 - valid_score:18.91870
Epoch 4, Step 128 - valid_score:18.77059
Epoch 4, Step 160 - valid_score:18.48756
Epoch 4, Step 192 - valid_score:18.69211
Epoch 4, Step 224 - valid_score:18.47954
Epoch 4, Step 256 - valid_score:18.51868
Epoch 4, Step 288 - valid_score:18.99920
Epoch 4, Step 320 - valid_score:18.17690
Epoch 4, Step 352 - valid_score:18.81826
Epoch 4, Step 384 - valid_score:18.74216
Epoch 4, Step 416 - valid_score:18.81832
Epoch 4, Step 448 - valid_score:18.82337
Epoch 4, Step 480 - valid_score:19.19133
Epoch 4, Step 512 - valid_score:18.76375
Epoch 4, Step 544 - valid_score:18.93880
Epoch 4, Step 576 - valid_score:18.71944
Epoch 4, Step 608 - valid_score:19.23145
Epoch 4, Step 640 - valid_score:18.47425
Epoch 4 - avg_train_loss: 0.61601  avg_val_loss: 0.64759  time: 1019s
Epoch 4 - train_score:14.17229  valid_score:18.45777
Early Stopping
========================================================================================================================
Fold 3 Training
========================================================================================================================
Starting 1 epoch...
Epoch 1, Step 32 - valid_score:20.73900
>>>>>>>> Model Improved From inf ----> 20.73900210320826
Epoch 1, Step 64 - valid_score:19.87641
>>>>>>>> Model Improved From 20.73900210320826 ----> 19.876409547535047
Epoch 1, Step 96 - valid_score:19.06382
>>>>>>>> Model Improved From 19.876409547535047 ----> 19.063815693158897
Epoch 1, Step 128 - valid_score:19.13666
Epoch 1, Step 160 - valid_score:18.86252
>>>>>>>> Model Improved From 19.063815693158897 ----> 18.8625242849314
Epoch 1, Step 192 - valid_score:19.58630
Epoch 1, Step 224 - valid_score:19.04194
Epoch 1, Step 256 - valid_score:18.55055
>>>>>>>> Model Improved From 18.8625242849314 ----> 18.550552931459013
Epoch 1, Step 288 - valid_score:18.71548
Epoch 1, Step 320 - valid_score:18.47430
>>>>>>>> Model Improved From 18.550552931459013 ----> 18.47430441396228
Epoch 1, Step 352 - valid_score:18.52345
Epoch 1, Step 384 - valid_score:19.97034
Epoch 1, Step 416 - valid_score:18.54823
Epoch 1, Step 448 - valid_score:18.69272
Epoch 1, Step 480 - valid_score:18.92040
Epoch 1, Step 512 - valid_score:18.40964
>>>>>>>> Model Improved From 18.47430441396228 ----> 18.40963758381026
Epoch 1, Step 544 - valid_score:18.44219
Epoch 1, Step 576 - valid_score:18.37570
>>>>>>>> Model Improved From 18.40963758381026 ----> 18.375700600559373
Epoch 1, Step 608 - valid_score:18.34784
>>>>>>>> Model Improved From 18.375700600559373 ----> 18.347838529116817
Epoch 1, Step 640 - valid_score:18.44550
Epoch 1 - avg_train_loss: 0.65023  avg_val_loss: 0.64442  time: 1028s
Epoch 1 - train_score:18.89460  valid_score:18.20340
>>>>>>>> Model Improved From 18.347838529116817 ----> 18.203401351611753
Starting 2 epoch...
Epoch 2, Step 32 - valid_score:18.41897
Epoch 2, Step 64 - valid_score:18.50009
Epoch 2, Step 96 - valid_score:18.97928
Epoch 2, Step 128 - valid_score:18.86208
Epoch 2, Step 160 - valid_score:18.57135
Epoch 2, Step 192 - valid_score:18.55261
Epoch 2, Step 224 - valid_score:18.46762
Epoch 2, Step 256 - valid_score:18.52194
Epoch 2, Step 288 - valid_score:18.51391
Epoch 2, Step 320 - valid_score:18.53111
Epoch 2, Step 352 - valid_score:18.70292
Epoch 2, Step 384 - valid_score:18.94475
Epoch 2, Step 416 - valid_score:18.68441
Epoch 2, Step 448 - valid_score:18.52895
Epoch 2, Step 480 - valid_score:18.40944
Epoch 2, Step 512 - valid_score:18.78229
Epoch 2, Step 544 - valid_score:18.47094
Epoch 2, Step 576 - valid_score:18.37109
Epoch 2, Step 608 - valid_score:18.53353
Epoch 2, Step 640 - valid_score:18.75329
Epoch 2 - avg_train_loss: 0.63710  avg_val_loss: 0.64987  time: 1019s
Epoch 2 - train_score:17.19349  valid_score:18.89578
Starting 3 epoch...
Epoch 3, Step 32 - valid_score:18.60906
Epoch 3, Step 64 - valid_score:19.19572
Epoch 3, Step 96 - valid_score:18.55459
Epoch 3, Step 128 - valid_score:19.44091
Epoch 3, Step 160 - valid_score:18.69373
Epoch 3, Step 192 - valid_score:19.17503
Epoch 3, Step 224 - valid_score:19.05608
Epoch 3, Step 256 - valid_score:18.67967
Epoch 3, Step 288 - valid_score:19.49172
Epoch 3, Step 320 - valid_score:18.92567
Epoch 3, Step 352 - valid_score:19.07175
Epoch 3, Step 384 - valid_score:18.77966
Epoch 3, Step 416 - valid_score:18.66759
Epoch 3, Step 448 - valid_score:18.80820
Epoch 3, Step 480 - valid_score:18.64267
Epoch 3, Step 512 - valid_score:18.85360
Epoch 3, Step 544 - valid_score:19.20962
Epoch 3, Step 576 - valid_score:18.77545
Epoch 3, Step 608 - valid_score:18.55793
Epoch 3, Step 640 - valid_score:19.38655
Epoch 3 - avg_train_loss: 0.62626  avg_val_loss: 0.65562  time: 1019s
Epoch 3 - train_score:15.69762  valid_score:19.56609
Starting 4 epoch...
Epoch 4, Step 32 - valid_score:18.99383
Epoch 4, Step 64 - valid_score:19.22157
Epoch 4, Step 96 - valid_score:19.03922
Epoch 4, Step 128 - valid_score:19.00750
Epoch 4, Step 160 - valid_score:19.20153
Epoch 4, Step 192 - valid_score:19.47693
Epoch 4, Step 224 - valid_score:19.26498
Epoch 4, Step 256 - valid_score:19.01617
Epoch 4, Step 288 - valid_score:18.82037
Epoch 4, Step 320 - valid_score:19.25027
Epoch 4, Step 352 - valid_score:19.11846
Epoch 4, Step 384 - valid_score:19.48937
Epoch 4, Step 416 - valid_score:19.37065
Epoch 4, Step 448 - valid_score:19.22005
Epoch 4, Step 480 - valid_score:19.39048
Epoch 4, Step 512 - valid_score:18.68295
Epoch 4, Step 544 - valid_score:19.51591
Epoch 4, Step 576 - valid_score:19.16015
Epoch 4, Step 608 - valid_score:19.41084
Epoch 4, Step 640 - valid_score:19.16823
Epoch 4 - avg_train_loss: 0.61277  avg_val_loss: 0.65689  time: 1021s
Epoch 4 - train_score:13.64958  valid_score:19.60345
Early Stopping
========================================================================================================================
Fold 4 Training
========================================================================================================================
Starting 1 epoch...
Epoch 1, Step 32 - valid_score:20.99200
>>>>>>>> Model Improved From inf ----> 20.99200404929004
Epoch 1, Step 64 - valid_score:19.79125
>>>>>>>> Model Improved From 20.99200404929004 ----> 19.791253803559453
Epoch 1, Step 96 - valid_score:19.47879
>>>>>>>> Model Improved From 19.791253803559453 ----> 19.47879039710778
Epoch 1, Step 128 - valid_score:19.11114
>>>>>>>> Model Improved From 19.47879039710778 ----> 19.1111421770564
Epoch 1, Step 160 - valid_score:18.89319
>>>>>>>> Model Improved From 19.1111421770564 ----> 18.893185849253662
Epoch 1, Step 192 - valid_score:18.96042
Epoch 1, Step 224 - valid_score:19.00414
Epoch 1, Step 256 - valid_score:18.73226
>>>>>>>> Model Improved From 18.893185849253662 ----> 18.732260123648377
Epoch 1, Step 288 - valid_score:19.37477
Epoch 1, Step 320 - valid_score:18.93516
Epoch 1, Step 352 - valid_score:18.72675
>>>>>>>> Model Improved From 18.732260123648377 ----> 18.726747698212897
Epoch 1, Step 384 - valid_score:18.55256
>>>>>>>> Model Improved From 18.726747698212897 ----> 18.55255680060717
Epoch 1, Step 416 - valid_score:18.79293
Epoch 1, Step 448 - valid_score:18.62372
Epoch 1, Step 480 - valid_score:18.82643
Epoch 1, Step 512 - valid_score:18.77736
Epoch 1, Step 544 - valid_score:18.58128
Epoch 1, Step 576 - valid_score:18.48639
>>>>>>>> Model Improved From 18.55255680060717 ----> 18.486385934344856
Epoch 1, Step 608 - valid_score:18.55640
Epoch 1, Step 640 - valid_score:18.51593
Epoch 1 - avg_train_loss: 0.64931  avg_val_loss: 0.64552  time: 1031s
Epoch 1 - train_score:18.76845  valid_score:18.39100
>>>>>>>> Model Improved From 18.486385934344856 ----> 18.390996180482418
Starting 2 epoch...
Epoch 2, Step 32 - valid_score:18.47804
Epoch 2, Step 64 - valid_score:18.65938
Epoch 2, Step 96 - valid_score:18.51731
Epoch 2, Step 128 - valid_score:18.37025
>>>>>>>> Model Improved From 18.390996180482418 ----> 18.37025462572761
Epoch 2, Step 160 - valid_score:18.63615
Epoch 2, Step 192 - valid_score:19.00226
Epoch 2, Step 224 - valid_score:19.18301
Epoch 2, Step 256 - valid_score:18.80584
Epoch 2, Step 288 - valid_score:18.57221
Epoch 2, Step 320 - valid_score:18.69743
Epoch 2, Step 352 - valid_score:18.62899
Epoch 2, Step 384 - valid_score:18.50483
Epoch 2, Step 416 - valid_score:18.71981
Epoch 2, Step 448 - valid_score:18.53137
Epoch 2, Step 480 - valid_score:19.04480
Epoch 2, Step 512 - valid_score:18.28397
>>>>>>>> Model Improved From 18.37025462572761 ----> 18.283970284487346
Epoch 2, Step 544 - valid_score:18.53293
Epoch 2, Step 576 - valid_score:18.18283
>>>>>>>> Model Improved From 18.283970284487346 ----> 18.182826371066547
Epoch 2, Step 608 - valid_score:18.47794
Epoch 2, Step 640 - valid_score:18.88847
Epoch 2 - avg_train_loss: 0.63740  avg_val_loss: 0.64741  time: 1024s
Epoch 2 - train_score:17.21564  valid_score:18.62832
Starting 3 epoch...
Epoch 3, Step 32 - valid_score:18.71631
Epoch 3, Step 64 - valid_score:18.61254
Epoch 3, Step 96 - valid_score:18.92806
Epoch 3, Step 128 - valid_score:18.78553
Epoch 3, Step 160 - valid_score:18.70671
Epoch 3, Step 192 - valid_score:18.97564
Epoch 3, Step 224 - valid_score:18.81577
Epoch 3, Step 256 - valid_score:18.74688
Epoch 3, Step 288 - valid_score:19.28604
Epoch 3, Step 320 - valid_score:18.67148
Epoch 3, Step 352 - valid_score:18.75058
Epoch 3, Step 384 - valid_score:18.54935
Epoch 3, Step 416 - valid_score:19.00319
Epoch 3, Step 448 - valid_score:19.60775
Epoch 3, Step 480 - valid_score:18.70158
Epoch 3, Step 512 - valid_score:18.65337
Epoch 3, Step 544 - valid_score:18.71517
Epoch 3, Step 576 - valid_score:18.82641
Epoch 3, Step 608 - valid_score:18.70478
Epoch 3, Step 640 - valid_score:18.60110
Epoch 3 - avg_train_loss: 0.62681  avg_val_loss: 0.64807  time: 1021s
Epoch 3 - train_score:15.76038  valid_score:18.65748
Starting 4 epoch...
Epoch 4, Step 32 - valid_score:18.67502
Epoch 4, Step 64 - valid_score:18.81158
Epoch 4, Step 96 - valid_score:19.38650
Epoch 4, Step 128 - valid_score:18.90324
Epoch 4, Step 160 - valid_score:19.20977
Epoch 4, Step 192 - valid_score:19.50011
Epoch 4, Step 224 - valid_score:19.61645
Epoch 4, Step 256 - valid_score:19.15488
Epoch 4, Step 288 - valid_score:19.44406
Epoch 4, Step 320 - valid_score:19.32890
Epoch 4, Step 352 - valid_score:19.48309
Epoch 4, Step 384 - valid_score:19.22562
Epoch 4, Step 416 - valid_score:19.07594
Epoch 4, Step 448 - valid_score:19.33405
Epoch 4, Step 480 - valid_score:19.25136
Epoch 4, Step 512 - valid_score:18.93481
Epoch 4, Step 544 - valid_score:19.19585
Epoch 4, Step 576 - valid_score:19.33309
Epoch 4, Step 608 - valid_score:19.37090
Epoch 4, Step 640 - valid_score:19.31050
Epoch 4 - avg_train_loss: 0.61211  avg_val_loss: 0.65234  time: 1022s
Epoch 4 - train_score:13.52557  valid_score:19.16338
Early Stopping
cv score 18.041932506471287
